<?xml version="1.0" encoding="UTF-8"?>
<testsuite xmlns:xsi="http://www.w3.org/2001/XMLSchema-instance" xsi:noNamespaceSchemaLocation="https://maven.apache.org/surefire/maven-surefire-plugin/xsd/surefire-test-report-3.0.xsd" version="3.0" name="TestSuite" time="28.176" tests="3" errors="0" skipped="0" failures="1">
  <properties>
[...]
</properties>
  <testcase name="invalidPassword" classname="com.qa.tests.LoginTests" time="6.894">
    <failure message="expected [Username and password do not match any user in this service.new] but found [Username and password do not match any user in this service.]" type="java.lang.AssertionError"><![CDATA[java.lang.AssertionError: expected [Username and password do not match any user in this service.new] but found [Username and password do not match any user in this service.]
	at com.qa.tests.LoginTests.invalidPassword(LoginTests.java:116)
]]></failure>
    <system-out><![CDATA[&amp#27;[35m[Appium]&amp#27;[39m Welcome to Appium v1.18.1
&amp#27;[35m[Appium]&amp#27;[39m Non-default server args:
&amp#27;[35m[Appium]&amp#27;[39m   sessionOverride: true
&amp#27;[35m[Appium]&amp#27;[39m   logFile: /Users/shreyas/TDD/TDDFramework/serverlogs/server.log
&amp#27;[35m[Appium]&amp#27;[39m Appium REST http interface listener started on 0.0.0.0:4723
&amp#27;[35m[HTTP]&amp#27;[39m &amp#27;[37m-->&amp#27;[39m &amp#27;[37mGET&amp#27;[39m &amp#27;[37m/wd/hub/status&amp#27;[39m
&amp#27;[35m[HTTP]&amp#27;[39m &amp#27;[90m{}&amp#27;[39m
[debug] &amp#27;[35m[GENERIC]&amp#27;[39m Calling AppiumDriver.getStatus() with args: []
[debug] &amp#27;[35m[GENERIC]&amp#27;[39m Responding to client with driver.getStatus() result: {"build":{"version":"1.18.1"}}
&amp#27;[35m[HTTP]&amp#27;[39m &amp#27;[37m<-- GET /wd/hub/status &amp#27;[39m&amp#27;[32m200&amp#27;[39m &amp#27;[90m5 ms - 68&amp#27;[39m
&amp#27;[35m[HTTP]&amp#27;[39m &amp#27;[90m&amp#27;[39m
[debug] &amp#27;[35m[HTTP]&amp#27;[39m Request idempotency key: 0657be7d-0b46-450c-af76-6e48f690770a
&amp#27;[35m[HTTP]&amp#27;[39m &amp#27;[37m-->&amp#27;[39m &amp#27;[37mPOST&amp#27;[39m &amp#27;[37m/wd/hub/session&amp#27;[39m
&amp#27;[35m[HTTP]&amp#27;[39m &amp#27;[90m{"desiredCapabilities":{"appActivity":"com.swaglabsmobileapp.SplashActivity","appPackage":"com.swaglabsmobileapp","automationName":"uiautomator2","chromeDriverPort":"11000","platformName":"Android","deviceName":"Any device name","systemPort":"10000"},"capabilities":{"firstMatch":[{"appium:appActivity":"com.swaglabsmobileapp.SplashActivity","appium:appPackage":"com.swaglabsmobileapp","appium:automationName":"uiautomator2","chromeDriverPort":"11000","appium:deviceName":"Any device name","platformName":"android","appium:systemPort":"10000"}]}}&amp#27;[39m
[debug] &amp#27;[35m[W3C]&amp#27;[39m Calling AppiumDriver.createSession() with args: [{"appActivity":"com.swaglabsmobileapp.SplashActivity","appPackage":"com.swaglabsmobileapp","automationName":"uiautomator2","chromeDriverPort":"11000","platformName":"Android","deviceName":"Any device name","systemPort":"10000"},null,{"firstMatch":[{"appium:appActivity":"com.swaglabsmobileapp.SplashActivity","appium:appPackage":"com.swaglabsmobileapp","appium:automationName":"uiautomator2","chromeDriverPort":"11000","appium:deviceName":"Any device name","platformName":"android","appium:systemPort":"10000"}]}]
[debug] &amp#27;[35m[BaseDriver]&amp#27;[39m Event 'newSessionRequested' logged at 1606977644516 (12:10:44 GMT+0530 (India Standard Time))
&amp#27;[35m[BaseDriver]&amp#27;[39m The following capabilities are not standard capabilities and should have an extension prefix:
&amp#27;[35m[BaseDriver]&amp#27;[39m   chromeDriverPort
&amp#27;[35m[Appium]&amp#27;[39m Appium v1.18.1 creating new AndroidUiautomator2Driver (v1.56.1) session
[debug] &amp#27;[35m[Appium]&amp#27;[39m There are no active sessions for cleanup
[debug] &amp#27;[35m[BaseDriver]&amp#27;[39m W3C capabilities and MJSONWP desired capabilities were provided
[debug] &amp#27;[35m[BaseDriver]&amp#27;[39m Creating session with W3C capabilities: {
[debug] &amp#27;[35m[BaseDriver]&amp#27;[39m   "alwaysMatch": {
[debug] &amp#27;[35m[BaseDriver]&amp#27;[39m     "appium:chromeDriverPort": "11000",
[debug] &amp#27;[35m[BaseDriver]&amp#27;[39m     "platformName": "android",
[debug] &amp#27;[35m[BaseDriver]&amp#27;[39m     "appium:appActivity": "com.swaglabsmobileapp.SplashActivity",
[debug] &amp#27;[35m[BaseDriver]&amp#27;[39m     "appium:appPackage": "com.swaglabsmobileapp",
[debug] &amp#27;[35m[BaseDriver]&amp#27;[39m     "appium:automationName": "uiautomator2",
[debug] &amp#27;[35m[BaseDriver]&amp#27;[39m     "appium:deviceName": "Any device name",
[debug] &amp#27;[35m[BaseDriver]&amp#27;[39m     "appium:systemPort": "10000"
[debug] &amp#27;[35m[BaseDriver]&amp#27;[39m   },
[debug] &amp#27;[35m[BaseDriver]&amp#27;[39m   "firstMatch": [
[debug] &amp#27;[35m[BaseDriver]&amp#27;[39m     {}
[debug] &amp#27;[35m[BaseDriver]&amp#27;[39m   ]
[debug] &amp#27;[35m[BaseDriver]&amp#27;[39m }
&amp#27;[35m[BaseDriver]&amp#27;[39m Number capability passed in as string. Functionality may be compromised.
&amp#27;[35m[BaseDriver]&amp#27;[39m Number capability passed in as string. Functionality may be compromised.
&amp#27;[35m[BaseDriver]&amp#27;[39m Capability 'systemPort' changed from string ('10000') to integer (10000). This may cause unexpected behavior
&amp#27;[35m[BaseDriver]&amp#27;[39m Capability 'chromeDriverPort' changed from string ('11000') to integer (11000). This may cause unexpected behavior
&amp#27;[35m[BaseDriver]&amp#27;[39m Session created with session id: 939183a9-a922-4fee-90ba-5de5847d3974
&amp#27;[35m[UiAutomator2]&amp#27;[39m Starting 'com.swaglabsmobileapp' directly on the device
&amp#27;[35m[ADB]&amp#27;[39m Found 2 'build-tools' folders under '/Users/shreyas/Library/Android/sdk/' (newest first):
&amp#27;[35m[ADB]&amp#27;[39m     /Users/shreyas/Library/Android/sdk/build-tools/29.0.3
&amp#27;[35m[ADB]&amp#27;[39m     /Users/shreyas/Library/Android/sdk/build-tools/28.0.3
&amp#27;[35m[ADB]&amp#27;[39m Using 'adb' from '/Users/shreyas/Library/Android/sdk/platform-tools/adb'
[debug] &amp#27;[35m[ADB]&amp#27;[39m Running '/Users/shreyas/Library/Android/sdk/platform-tools/adb -P 5037 start-server'
&amp#27;[35m[AndroidDriver]&amp#27;[39m Retrieving device list
[debug] &amp#27;[35m[ADB]&amp#27;[39m Trying to find a connected android device
[debug] &amp#27;[35m[ADB]&amp#27;[39m Getting connected devices
[debug] &amp#27;[35m[ADB]&amp#27;[39m Connected devices: [{"udid":"emulator-5554","state":"device"}]
&amp#27;[35m[AndroidDriver]&amp#27;[39m Using device: emulator-5554
&amp#27;[35m[ADB]&amp#27;[39m Using 'adb' from '/Users/shreyas/Library/Android/sdk/platform-tools/adb'
[debug] &amp#27;[35m[ADB]&amp#27;[39m Running '/Users/shreyas/Library/Android/sdk/platform-tools/adb -P 5037 start-server'
[debug] &amp#27;[35m[ADB]&amp#27;[39m Setting device id to emulator-5554
[debug] &amp#27;[35m[ADB]&amp#27;[39m Running '/Users/shreyas/Library/Android/sdk/platform-tools/adb -P 5037 -s emulator-5554 shell getprop ro.build.version.sdk'
[debug] &amp#27;[35m[ADB]&amp#27;[39m Current device property 'ro.build.version.sdk': 29
&amp#27;[35m[ADB]&amp#27;[39m Getting device platform version
[debug] &amp#27;[35m[ADB]&amp#27;[39m Running '/Users/shreyas/Library/Android/sdk/platform-tools/adb -P 5037 -s emulator-5554 shell getprop ro.build.version.release'
[debug] &amp#27;[35m[ADB]&amp#27;[39m Current device property 'ro.build.version.release': 10
[debug] &amp#27;[35m[ADB]&amp#27;[39m Device API level: 29
&amp#27;[35m[UiAutomator2]&amp#27;[39m Relaxing hidden api policy
[debug] &amp#27;[35m[ADB]&amp#27;[39m Running '/Users/shreyas/Library/Android/sdk/platform-tools/adb -P 5037 -s emulator-5554 shell 'settings put global hidden_api_policy_pre_p_apps 1;settings put global hidden_api_policy_p_apps 1;settings put global hidden_api_policy 1''
&amp#27;[35m[AndroidDriver]&amp#27;[39m No app sent in, not parsing package/activity
[debug] &amp#27;[35m[ADB]&amp#27;[39m Running '/Users/shreyas/Library/Android/sdk/platform-tools/adb -P 5037 -s emulator-5554 wait-for-device'
[debug] &amp#27;[35m[ADB]&amp#27;[39m Running '/Users/shreyas/Library/Android/sdk/platform-tools/adb -P 5037 -s emulator-5554 shell echo ping'
[debug] &amp#27;[35m[AndroidDriver]&amp#27;[39m Pushing settings apk to device...
[debug] &amp#27;[35m[ADB]&amp#27;[39m Getting install status for io.appium.settings
[debug] &amp#27;[35m[ADB]&amp#27;[39m Running '/Users/shreyas/Library/Android/sdk/platform-tools/adb -P 5037 -s emulator-5554 shell dumpsys package io.appium.settings'
[debug] &amp#27;[35m[ADB]&amp#27;[39m 'io.appium.settings' is installed
[debug] &amp#27;[35m[ADB]&amp#27;[39m Getting package info for 'io.appium.settings'
[debug] &amp#27;[35m[ADB]&amp#27;[39m Running '/Users/shreyas/Library/Android/sdk/platform-tools/adb -P 5037 -s emulator-5554 shell dumpsys package io.appium.settings'
[debug] &amp#27;[35m[ADB]&amp#27;[39m The version name of the installed 'io.appium.settings' is greater or equal to the application version name ('3.2.0' >= '3.2.0')
[debug] &amp#27;[35m[ADB]&amp#27;[39m There is no need to install/upgrade '/usr/local/lib/node_modules/appium/node_modules/io.appium.settings/apks/settings_apk-debug.apk'
[debug] &amp#27;[35m[ADB]&amp#27;[39m Getting IDs of all 'io.appium.settings' processes
[debug] &amp#27;[35m[ADB]&amp#27;[39m Running '/Users/shreyas/Library/Android/sdk/platform-tools/adb -P 5037 -s emulator-5554 shell 'pgrep --help; echo $?''
[debug] &amp#27;[35m[ADB]&amp#27;[39m Running '/Users/shreyas/Library/Android/sdk/platform-tools/adb -P 5037 -s emulator-5554 shell pgrep -f io\\.appium\\.settings'
[debug] &amp#27;[35m[AndroidDriver]&amp#27;[39m io.appium.settings is already running. There is no need to reset its permissions.
[debug] &amp#27;[35m[Logcat]&amp#27;[39m Starting logs capture with command: /Users/shreyas/Library/Android/sdk/platform-tools/adb -P 5037 -s emulator-5554 logcat -v threadtime
[debug] &amp#27;[35m[UiAutomator2]&amp#27;[39m Forwarding UiAutomator2 Server port 6790 to 10000
[debug] &amp#27;[35m[ADB]&amp#27;[39m Forwarding system: 10000 to device: 6790
[debug] &amp#27;[35m[ADB]&amp#27;[39m Running '/Users/shreyas/Library/Android/sdk/platform-tools/adb -P 5037 -s emulator-5554 forward tcp\:10000 tcp\:6790'
[debug] &amp#27;[35m[ADB]&amp#27;[39m Getting install status for io.appium.uiautomator2.server
[debug] &amp#27;[35m[ADB]&amp#27;[39m Running '/Users/shreyas/Library/Android/sdk/platform-tools/adb -P 5037 -s emulator-5554 shell dumpsys package io.appium.uiautomator2.server'
[debug] &amp#27;[35m[ADB]&amp#27;[39m 'io.appium.uiautomator2.server' is installed
[debug] &amp#27;[35m[ADB]&amp#27;[39m Getting package info for 'io.appium.uiautomator2.server'
[debug] &amp#27;[35m[ADB]&amp#27;[39m Running '/Users/shreyas/Library/Android/sdk/platform-tools/adb -P 5037 -s emulator-5554 shell dumpsys package io.appium.uiautomator2.server'
[debug] &amp#27;[35m[ADB]&amp#27;[39m The version name of the installed 'io.appium.uiautomator2.server' is greater or equal to the application version name ('4.12.2' >= '4.12.2')
[debug] &amp#27;[35m[UiAutomator2]&amp#27;[39m io.appium.uiautomator2.server installation state: sameVersionInstalled
[debug] &amp#27;[35m[ADB]&amp#27;[39m Checking app cert for /usr/local/lib/node_modules/appium/node_modules/appium-uiautomator2-server/apks/appium-uiautomator2-server-v4.12.2.apk
&amp#27;[35m[ADB]&amp#27;[39m Using 'apksigner.jar' from '/Users/shreyas/Library/Android/sdk/build-tools/29.0.3/lib/apksigner.jar'
[debug] &amp#27;[35m[ADB]&amp#27;[39m Starting apksigner: /Library/Java/JavaVirtualMachines/jdk-14.0.1.jdk/Contents/Home/bin/java -Xmx1024M -Xss1m -jar /Users/shreyas/Library/Android/sdk/build-tools/29.0.3/lib/apksigner.jar verify --print-certs /usr/local/lib/node_modules/appium/node_modules/appium-uiautomator2-server/apks/appium-uiautomator2-server-v4.12.2.apk
[debug] &amp#27;[35m[ADB]&amp#27;[39m apksigner stdout: Signer #1 certificate DN: EMAILADDRESS=android@android.com, CN=Android, OU=Android, O=Android, L=Mountain View, ST=California, C=US
[debug] &amp#27;[35m[ADB]&amp#27;[39m Signer #1 certificate SHA-256 digest: a40da80a59d170caa950cf15c18c454d47a39b26989d8b640ecd745ba71bf5dc
[debug] &amp#27;[35m[ADB]&amp#27;[39m Signer #1 certificate SHA-1 digest: 61ed377e85d386a8dfee6b864bd85b0bfaa5af81
[debug] &amp#27;[35m[ADB]&amp#27;[39m Signer #1 certificate MD5 digest: e89b158e4bcf988ebd09eb83f5378e87
[debug] &amp#27;[35m[ADB]&amp#27;[39m 
[debug] &amp#27;[35m[ADB]&amp#27;[39m '/usr/local/lib/node_modules/appium/node_modules/appium-uiautomator2-server/apks/appium-uiautomator2-server-v4.12.2.apk' is signed with the default certificate
[debug] &amp#27;[35m[ADB]&amp#27;[39m Getting install status for io.appium.uiautomator2.server.test
[debug] &amp#27;[35m[ADB]&amp#27;[39m Running '/Users/shreyas/Library/Android/sdk/platform-tools/adb -P 5037 -s emulator-5554 shell dumpsys package io.appium.uiautomator2.server.test'
[debug] &amp#27;[35m[ADB]&amp#27;[39m 'io.appium.uiautomator2.server.test' is installed
[debug] &amp#27;[35m[ADB]&amp#27;[39m Checking app cert for /usr/local/lib/node_modules/appium/node_modules/appium-uiautomator2-server/apks/appium-uiautomator2-server-debug-androidTest.apk
[debug] &amp#27;[35m[ADB]&amp#27;[39m Starting apksigner: /Library/Java/JavaVirtualMachines/jdk-14.0.1.jdk/Contents/Home/bin/java -Xmx1024M -Xss1m -jar /Users/shreyas/Library/Android/sdk/build-tools/29.0.3/lib/apksigner.jar verify --print-certs /usr/local/lib/node_modules/appium/node_modules/appium-uiautomator2-server/apks/appium-uiautomator2-server-debug-androidTest.apk
[debug] &amp#27;[35m[ADB]&amp#27;[39m apksigner stdout: Signer #1 certificate DN: EMAILADDRESS=android@android.com, CN=Android, OU=Android, O=Android, L=Mountain View, ST=California, C=US
[debug] &amp#27;[35m[ADB]&amp#27;[39m Signer #1 certificate SHA-256 digest: a40da80a59d170caa950cf15c18c454d47a39b26989d8b640ecd745ba71bf5dc
[debug] &amp#27;[35m[ADB]&amp#27;[39m Signer #1 certificate SHA-1 digest: 61ed377e85d386a8dfee6b864bd85b0bfaa5af81
[debug] &amp#27;[35m[ADB]&amp#27;[39m Signer #1 certificate MD5 digest: e89b158e4bcf988ebd09eb83f5378e87
[debug] &amp#27;[35m[ADB]&amp#27;[39m 
[debug] &amp#27;[35m[ADB]&amp#27;[39m '/usr/local/lib/node_modules/appium/node_modules/appium-uiautomator2-server/apks/appium-uiautomator2-server-debug-androidTest.apk' is signed with the default certificate
&amp#27;[35m[UiAutomator2]&amp#27;[39m Server packages are not going to be (re)installed
[debug] &amp#27;[35m[UiAutomator2]&amp#27;[39m Waiting up to 30000ms for services to be available
[debug] &amp#27;[35m[ADB]&amp#27;[39m Running '/Users/shreyas/Library/Android/sdk/platform-tools/adb -P 5037 -s emulator-5554 shell pm list instrumentation'
[debug] &amp#27;[35m[UiAutomator2]&amp#27;[39m Instrumentation target 'io.appium.uiautomator2.server.test/androidx.test.runner.AndroidJUnitRunner' is available
[debug] &amp#27;[35m[UiAutomator2]&amp#27;[39m No app capability. Assuming it is already on the device
[debug] &amp#27;[35m[ADB]&amp#27;[39m Getting install status for com.swaglabsmobileapp
[debug] &amp#27;[35m[ADB]&amp#27;[39m Running '/Users/shreyas/Library/Android/sdk/platform-tools/adb -P 5037 -s emulator-5554 shell dumpsys package com.swaglabsmobileapp'
[debug] &amp#27;[35m[ADB]&amp#27;[39m 'com.swaglabsmobileapp' is installed
[debug] &amp#27;[35m[ADB]&amp#27;[39m Running '/Users/shreyas/Library/Android/sdk/platform-tools/adb -P 5037 -s emulator-5554 shell am force-stop com.swaglabsmobileapp'
[debug] &amp#27;[35m[ADB]&amp#27;[39m Running '/Users/shreyas/Library/Android/sdk/platform-tools/adb -P 5037 -s emulator-5554 shell pm clear com.swaglabsmobileapp'
[debug] &amp#27;[35m[AndroidDriver]&amp#27;[39m Performed fast reset on the installed 'com.swaglabsmobileapp' application (stop and clear)
[debug] &amp#27;[35m[UiAutomator2]&amp#27;[39m Performing shallow cleanup of automation leftovers
[debug] &amp#27;[35m[UiAutomator2]&amp#27;[39m No obsolete sessions have been detected (socket hang up)
[debug] &amp#27;[35m[ADB]&amp#27;[39m Running '/Users/shreyas/Library/Android/sdk/platform-tools/adb -P 5037 -s emulator-5554 shell am force-stop io.appium.uiautomator2.server.test'
&amp#27;[35m[UiAutomator2]&amp#27;[39m Starting UIAutomator2 server 4.12.2
&amp#27;[35m[UiAutomator2]&amp#27;[39m Using UIAutomator2 server from '/usr/local/lib/node_modules/appium/node_modules/appium-uiautomator2-server/apks/appium-uiautomator2-server-v4.12.2.apk' and test from '/usr/local/lib/node_modules/appium/node_modules/appium-uiautomator2-server/apks/appium-uiautomator2-server-debug-androidTest.apk'
&amp#27;[35m[UiAutomator2]&amp#27;[39m Waiting up to 30000ms for UiAutomator2 to be online...
[debug] &amp#27;[35m[ADB]&amp#27;[39m Creating ADB subprocess with args: ["-P",5037,"-s","emulator-5554","shell","am","instrument","-w","io.appium.uiautomator2.server.test/androidx.test.runner.AndroidJUnitRunner"]
[debug] &amp#27;[35m[WD Proxy]&amp#27;[39m Matched '/status' to command name 'getStatus'
[debug] &amp#27;[35m[WD Proxy]&amp#27;[39m Proxying [GET /status] to [GET http://127.0.0.1:10000/wd/hub/status] with no body
&amp#27;[35m[WD Proxy]&amp#27;[39m socket hang up
[debug] &amp#27;[35m[Instrumentation]&amp#27;[39m io.appium.uiautomator2.server.test.AppiumUiAutomator2Server:
[debug] &amp#27;[35m[WD Proxy]&amp#27;[39m Matched '/status' to command name 'getStatus'
[debug] &amp#27;[35m[WD Proxy]&amp#27;[39m Proxying [GET /status] to [GET http://127.0.0.1:10000/wd/hub/status] with no body
&amp#27;[35m[WD Proxy]&amp#27;[39m socket hang up
[debug] &amp#27;[35m[WD Proxy]&amp#27;[39m Matched '/status' to command name 'getStatus'
[debug] &amp#27;[35m[WD Proxy]&amp#27;[39m Proxying [GET /status] to [GET http://127.0.0.1:10000/wd/hub/status] with no body
[debug] &amp#27;[35m[WD Proxy]&amp#27;[39m Got response with status 200: {"sessionId":"None","value":{"message":"UiAutomator2 Server is ready to accept commands","ready":true}}
[debug] &amp#27;[35m[UiAutomator2]&amp#27;[39m The initialization of the instrumentation process took 3169ms
[debug] &amp#27;[35m[WD Proxy]&amp#27;[39m Matched '/session' to command name 'createSession'
[debug] &amp#27;[35m[WD Proxy]&amp#27;[39m Proxying [POST /session] to [POST http://127.0.0.1:10000/wd/hub/session] with body: {"capabilities":{"firstMatch":[{"platform":"LINUX","webStorageEnabled":false,"takesScreenshot":true,"javascriptEnabled":true,"databaseEnabled":false,"networkConnectionEnabled":true,"locationContextEnabled":false,"warnings":{},"desired":{"platformName":"android","chromeDriverPort":11000,"appActivity":"com.swaglabsmobileapp.SplashActivity","appPackage":"com.swaglabsmobileapp","automationName":"uiautomator2","deviceName":"Any device name","systemPort":10000},"platformName":"android","chromeDriverPort":11000,"appActivity":"com.swaglabsmobileapp.SplashActivity","appPackage":"com.swaglabsmobileapp","automationName":"uiautomator2","deviceName":"emulator-5554","systemPort":10000,"deviceUDID":"emulator-5554"}],"alwaysMatch":{}}}
[debug] &amp#27;[35m[WD Proxy]&amp#27;[39m Got response with status 200: {"sessionId":"dd58c3e8-5f89-4d1c-984c-13f9737734d9","value":{"capabilities":{"firstMatch":[{"platform":"LINUX","webStorageEnabled":false,"takesScreenshot":true,"javascriptEnabled":true,"databaseEnabled":false,"networkConnectionEnabled":true,"locationContextEnabled":false,"warnings":{},"desired":{"platformName":"android","chromeDriverPort":11000,"appActivity":"com.swaglabsmobileapp.SplashActivity","appPackage":"com.swaglabsmobileapp","automationName":"uiautomator2","deviceName":"Any device name","systemPort":10000},"platformName":"android","chromeDriverPort":11000,"appActivity":"com.swaglabsmobileapp.SplashActivity","appPackage":"com.swaglabsmobileapp","automationName":"uiautomator2","deviceName":"emulator-5554","systemPort":10000,"deviceUDID":"emulator-5554"}],"alwaysMatch":{}},"sessionId":"dd58c3e8-5f89-4d1c-984c-13f9737734d9"}}
&amp#27;[35m[WD Proxy]&amp#27;[39m Determined the downstream protocol as 'W3C'
[debug] &amp#27;[35m[WD Proxy]&amp#27;[39m Proxying [GET /appium/device/info] to [GET http://127.0.0.1:10000/wd/hub/session/dd58c3e8-5f89-4d1c-984c-13f9737734d9/appium/device/info] with no body
[debug] &amp#27;[35m[WD Proxy]&amp#27;[39m Got response with status 200: {"sessionId":"dd58c3e8-5f89-4d1c-984c-13f9737734d9","value":{"androidId":"2b708ea41ce21d96","apiVersion":"29","bluetooth":null,"brand":"google","carrierName":"Android","displayDensity":400,"locale":"en_US","manufacturer":"Google","model":"Android SDK built for x86","networks":[{"capabilities":{"SSID":null,"linkDownBandwidthKbps":102400,"linkUpstreamBandwidthKbps":51200,"networkCapabilities":"NET_CAPABILITY_MMS,NET_CAPABILITY_SUPL,NET_CAPABILITY_DUN,NET_CAPABILITY_FOTA,NET_CAPABILITY_IMS,NET_CAPABILITY_CBS,NET_CAPABILITY_INTERNET,NET_CAPABILITY_NOT_RESTRICTED,NET_CAPABILITY_TRUSTED,NET_CAPABILITY_NOT_VPN,NET_CAPABILITY_VALIDATED,NET_CAPABILITY_NOT_ROAMING,NET_CAPABILITY_NOT_CONGESTED,NET_CAPABILITY_NOT_SUSPENDED","signalStrength":-2147483648,"transportTypes":"TRANSPORT_CELLULAR"},"detailedState":"CONNECTED","extraInfo":"epc.tmobile.com","isAvailable":true,"isConnected":true,"isFailover":false,"isRoaming":false,"state":"CONNECTED","subtype":13,"subtypeName":"LTE","type":0,"typeName":"MOBILE"},{"capabilities"...
[debug] &amp#27;[35m[ADB]&amp#27;[39m Running '/Users/shreyas/Library/Android/sdk/platform-tools/adb -P 5037 -s emulator-5554 shell dumpsys window'
&amp#27;[35m[AndroidDriver]&amp#27;[39m Screen already unlocked, doing nothing
&amp#27;[35m[UiAutomator2]&amp#27;[39m Starting 'com.swaglabsmobileapp/com.swaglabsmobileapp.SplashActivity and waiting for 'com.swaglabsmobileapp/com.swaglabsmobileapp.SplashActivity'
[debug] &amp#27;[35m[ADB]&amp#27;[39m Running '/Users/shreyas/Library/Android/sdk/platform-tools/adb -P 5037 -s emulator-5554 shell am start -W -n com.swaglabsmobileapp/com.swaglabsmobileapp.SplashActivity -S -a android.intent.action.MAIN -c android.intent.category.LAUNCHER -f 0x10200000'
[debug] &amp#27;[35m[WD Proxy]&amp#27;[39m Proxying [GET /appium/device/pixel_ratio] to [GET http://127.0.0.1:10000/wd/hub/session/dd58c3e8-5f89-4d1c-984c-13f9737734d9/appium/device/pixel_ratio] with no body
[debug] &amp#27;[35m[WD Proxy]&amp#27;[39m Got response with status 200: {"sessionId":"dd58c3e8-5f89-4d1c-984c-13f9737734d9","value":2.5}
[debug] &amp#27;[35m[WD Proxy]&amp#27;[39m Matched '/appium/device/system_bars' to command name 'getSystemBars'
[debug] &amp#27;[35m[WD Proxy]&amp#27;[39m Proxying [GET /appium/device/system_bars] to [GET http://127.0.0.1:10000/wd/hub/session/dd58c3e8-5f89-4d1c-984c-13f9737734d9/appium/device/system_bars] with no body
[debug] &amp#27;[35m[WD Proxy]&amp#27;[39m Got response with status 200: {"sessionId":"dd58c3e8-5f89-4d1c-984c-13f9737734d9","value":{"statusBar":60}}
[debug] &amp#27;[35m[WD Proxy]&amp#27;[39m Matched '/window/current/size' to command name 'getWindowSize'
[debug] &amp#27;[35m[WD Proxy]&amp#27;[39m Proxying [GET /window/current/size] to [GET http://127.0.0.1:10000/wd/hub/session/dd58c3e8-5f89-4d1c-984c-13f9737734d9/window/current/size] with no body
[debug] &amp#27;[35m[WD Proxy]&amp#27;[39m Got response with status 200: {"sessionId":"dd58c3e8-5f89-4d1c-984c-13f9737734d9","value":{"height":2040,"width":1080}}
&amp#27;[35m[Appium]&amp#27;[39m New AndroidUiautomator2Driver session created successfully, session 939183a9-a922-4fee-90ba-5de5847d3974 added to master session list
[debug] &amp#27;[35m[BaseDriver]&amp#27;[39m Event 'newSessionStarted' logged at 1606977651447 (12:10:51 GMT+0530 (India Standard Time))
[debug] &amp#27;[35m[W3C (939183a9)]&amp#27;[39m Cached the protocol value 'W3C' for the new session 939183a9-a922-4fee-90ba-5de5847d3974
[debug] &amp#27;[35m[W3C (939183a9)]&amp#27;[39m Responding to client with driver.createSession() result: {"capabilities":{"platform":"LINUX","webStorageEnabled":false,"takesScreenshot":true,"javascriptEnabled":true,"databaseEnabled":false,"networkConnectionEnabled":true,"locationContextEnabled":false,"warnings":{},"desired":{"platformName":"android","chromeDriverPort":11000,"appActivity":"com.swaglabsmobileapp.SplashActivity","appPackage":"com.swaglabsmobileapp","automationName":"uiautomator2","deviceName":"Any device name","systemPort":10000},"platformName":"android","chromeDriverPort":11000,"appActivity":"com.swaglabsmobileapp.SplashActivity","appPackage":"com.swaglabsmobileapp","automationName":"uiautomator2","deviceName":"emulator-5554","systemPort":10000,"deviceUDID":"emulator-5554","deviceApiLevel":29,"platformVersion":"10","deviceScreenSize":"1080x2160","deviceScreenDensity":400,"deviceModel":"Android SDK built for x86","deviceManufacturer":"Google","pixelRatio":2.5,"statBarHeight":60,"viewportRect":{"left":0,"top":60,"width":1080,"height":1980}}}
&amp#27;[35m[HTTP]&amp#27;[39m &amp#27;[37m<-- POST /wd/hub/session &amp#27;[39m&amp#27;[32m200&amp#27;[39m &amp#27;[90m6935 ms - 1026&amp#27;[39m
&amp#27;[35m[HTTP]&amp#27;[39m &amp#27;[90m&amp#27;[39m
2020-12-03 12:10:51,924 TestNG-tests-1 ERROR Unable to locate appender "STDOUT" for logger config "root"
2020-12-03 12:10:51,925 TestNG-tests-1 ERROR Unable to locate appender "STDOUT" for logger config "com.qa"
&amp#27;[35m[HTTP]&amp#27;[39m &amp#27;[37m-->&amp#27;[39m &amp#27;[37mPOST&amp#27;[39m &amp#27;[37m/wd/hub/session/939183a9-a922-4fee-90ba-5de5847d3974/appium/app/close&amp#27;[39m
&amp#27;[35m[HTTP]&amp#27;[39m &amp#27;[90m{}&amp#27;[39m
[debug] &amp#27;[35m[W3C (939183a9)]&amp#27;[39m Calling AppiumDriver.closeApp() with args: ["939183a9-a922-4fee-90ba-5de5847d3974"]
[debug] &amp#27;[35m[ADB]&amp#27;[39m Running '/Users/shreyas/Library/Android/sdk/platform-tools/adb -P 5037 -s emulator-5554 shell am force-stop com.swaglabsmobileapp'
[debug] &amp#27;[35m[W3C (939183a9)]&amp#27;[39m Responding to client with driver.closeApp() result: null
&amp#27;[35m[HTTP]&amp#27;[39m &amp#27;[37m<-- POST /wd/hub/session/939183a9-a922-4fee-90ba-5de5847d3974/appium/app/close &amp#27;[39m&amp#27;[32m200&amp#27;[39m &amp#27;[90m88 ms - 14&amp#27;[39m
&amp#27;[35m[HTTP]&amp#27;[39m &amp#27;[90m&amp#27;[39m
&amp#27;[35m[HTTP]&amp#27;[39m &amp#27;[37m-->&amp#27;[39m &amp#27;[37mPOST&amp#27;[39m &amp#27;[37m/wd/hub/session/939183a9-a922-4fee-90ba-5de5847d3974/appium/app/launch&amp#27;[39m
&amp#27;[35m[HTTP]&amp#27;[39m &amp#27;[90m{}&amp#27;[39m
[debug] &amp#27;[35m[W3C (939183a9)]&amp#27;[39m Calling AppiumDriver.launchApp() with args: ["939183a9-a922-4fee-90ba-5de5847d3974"]
[debug] &amp#27;[35m[UiAutomator2]&amp#27;[39m No app capability. Assuming it is already on the device
[debug] &amp#27;[35m[ADB]&amp#27;[39m Getting install status for com.swaglabsmobileapp
[debug] &amp#27;[35m[ADB]&amp#27;[39m Running '/Users/shreyas/Library/Android/sdk/platform-tools/adb -P 5037 -s emulator-5554 shell dumpsys package com.swaglabsmobileapp'
[debug] &amp#27;[35m[ADB]&amp#27;[39m 'com.swaglabsmobileapp' is installed
[debug] &amp#27;[35m[ADB]&amp#27;[39m Running '/Users/shreyas/Library/Android/sdk/platform-tools/adb -P 5037 -s emulator-5554 shell am force-stop com.swaglabsmobileapp'
[debug] &amp#27;[35m[ADB]&amp#27;[39m Running '/Users/shreyas/Library/Android/sdk/platform-tools/adb -P 5037 -s emulator-5554 shell pm clear com.swaglabsmobileapp'
[debug] &amp#27;[35m[AndroidDriver]&amp#27;[39m Performed fast reset on the installed 'com.swaglabsmobileapp' application (stop and clear)
[debug] &amp#27;[35m[ADB]&amp#27;[39m Running '/Users/shreyas/Library/Android/sdk/platform-tools/adb -P 5037 -s emulator-5554 shell am start -W -n com.swaglabsmobileapp/com.swaglabsmobileapp.SplashActivity -S -a android.intent.action.MAIN -c android.intent.category.LAUNCHER -f 0x10200000'
[debug] &amp#27;[35m[W3C (939183a9)]&amp#27;[39m Responding to client with driver.launchApp() result: null
&amp#27;[35m[HTTP]&amp#27;[39m &amp#27;[37m<-- POST /wd/hub/session/939183a9-a922-4fee-90ba-5de5847d3974/appium/app/launch &amp#27;[39m&amp#27;[32m200&amp#27;[39m &amp#27;[90m1503 ms - 14&amp#27;[39m
&amp#27;[35m[HTTP]&amp#27;[39m &amp#27;[90m&amp#27;[39m

************ Starting test : invalidPassword*********/n
/Users/shreyas/TDD/TDDFramework
&amp#27;[35m[HTTP]&amp#27;[39m &amp#27;[37m-->&amp#27;[39m &amp#27;[37mGET&amp#27;[39m &amp#27;[37m/wd/hub/session/939183a9-a922-4fee-90ba-5de5847d3974/context&amp#27;[39m
&amp#27;[35m[HTTP]&amp#27;[39m &amp#27;[90m{}&amp#27;[39m
[debug] &amp#27;[35m[W3C (939183a9)]&amp#27;[39m Calling AppiumDriver.getCurrentContext() with args: ["939183a9-a922-4fee-90ba-5de5847d3974"]
[debug] &amp#27;[35m[W3C (939183a9)]&amp#27;[39m Responding to client with driver.getCurrentContext() result: "NATIVE_APP"
&amp#27;[35m[HTTP]&amp#27;[39m &amp#27;[37m<-- GET /wd/hub/session/939183a9-a922-4fee-90ba-5de5847d3974/context &amp#27;[39m&amp#27;[32m200&amp#27;[39m &amp#27;[90m2 ms - 22&amp#27;[39m
&amp#27;[35m[HTTP]&amp#27;[39m &amp#27;[90m&amp#27;[39m
&amp#27;[35m[HTTP]&amp#27;[39m &amp#27;[37m-->&amp#27;[39m &amp#27;[37mPOST&amp#27;[39m &amp#27;[37m/wd/hub/session/939183a9-a922-4fee-90ba-5de5847d3974/element&amp#27;[39m
&amp#27;[35m[HTTP]&amp#27;[39m &amp#27;[90m{"using":"accessibility id","value":"test-Username"}&amp#27;[39m
[debug] &amp#27;[35m[W3C (939183a9)]&amp#27;[39m Calling AppiumDriver.findElement() with args: ["accessibility id","test-Username","939183a9-a922-4fee-90ba-5de5847d3974"]
[debug] &amp#27;[35m[BaseDriver]&amp#27;[39m Valid locator strategies for this request: xpath, id, class name, accessibility id, -android uiautomator
[debug] &amp#27;[35m[BaseDriver]&amp#27;[39m Waiting up to 0 ms for condition
[debug] &amp#27;[35m[WD Proxy]&amp#27;[39m Matched '/element' to command name 'findElement'
[debug] &amp#27;[35m[WD Proxy]&amp#27;[39m Proxying [POST /element] to [POST http://127.0.0.1:10000/wd/hub/session/dd58c3e8-5f89-4d1c-984c-13f9737734d9/element] with body: {"strategy":"accessibility id","selector":"test-Username","context":"","multiple":false}
&amp#27;[35m[WD Proxy]&amp#27;[39m Got response with status 404: {"sessionId":"dd58c3e8-5f89-4d1c-984c-13f9737734d9","value":{"error":"no such element","message":"An element could not be located on the page using the given search parameters","stacktrace":"io.appium.uiautomator2.common.exceptions.ElementNotFoundException: An element could not be located on the page using the given search parameters\n\tat io.appium.uiautomator2.handler.FindElement.safeHandle(FindElement.java:73)\n\tat io.appium.uiautomator2.handler.request.SafeRequestHandler.handle(SafeRequestHandler.java:41)\n\tat io.appium.uiautomator2.server.AppiumServlet.handleRequest(AppiumServlet.java:253)\n\tat io.appium.uiautomator2.server.AppiumServlet.handleHttpRequest(AppiumServlet.java:247)\n\tat io.appium.uiautomator2.http.ServerHandler.channelRead(ServerHandler.java:68)\n\tat io.netty.channel.AbstractChannelHandlerContext.invokeChannelRead(AbstractChannelHandlerContext.java:366)\n\tat io.netty.channel.AbstractChannelHandlerContext.invokeChannelRead(AbstractChannelHandlerContext.java:352)\n\tat io.netty.chann...
[debug] &amp#27;[35m[W3C]&amp#27;[39m Matched W3C error code 'no such element' to NoSuchElementError
[debug] &amp#27;[35m[W3C (939183a9)]&amp#27;[39m Encountered internal error running command: NoSuchElementError: An element could not be located on the page using the given search parameters.
[debug] &amp#27;[35m[W3C (939183a9)]&amp#27;[39m     at AndroidUiautomator2Driver.findElOrEls (/usr/local/lib/node_modules/appium/node_modules/appium-android-driver/lib/commands/find.js:75:11)
[debug] &amp#27;[35m[W3C (939183a9)]&amp#27;[39m     at processTicksAndRejections (internal/process/task_queues.js:97:5)
[debug] &amp#27;[35m[W3C (939183a9)]&amp#27;[39m     at AndroidUiautomator2Driver.findElOrElsWithProcessing (/usr/local/lib/node_modules/appium/node_modules/appium-base-driver/lib/basedriver/commands/find.js:33:12)
[debug] &amp#27;[35m[W3C (939183a9)]&amp#27;[39m     at AndroidUiautomator2Driver.findElement (/usr/local/lib/node_modules/appium/node_modules/appium-base-driver/lib/basedriver/commands/find.js:53:10)
&amp#27;[35m[HTTP]&amp#27;[39m &amp#27;[37m<-- POST /wd/hub/session/939183a9-a922-4fee-90ba-5de5847d3974/element &amp#27;[39m&amp#27;[33m404&amp#27;[39m &amp#27;[90m297 ms - 780&amp#27;[39m
&amp#27;[35m[HTTP]&amp#27;[39m &amp#27;[90m&amp#27;[39m
&amp#27;[35m[HTTP]&amp#27;[39m &amp#27;[37m-->&amp#27;[39m &amp#27;[37mPOST&amp#27;[39m &amp#27;[37m/wd/hub/session/939183a9-a922-4fee-90ba-5de5847d3974/element&amp#27;[39m
&amp#27;[35m[HTTP]&amp#27;[39m &amp#27;[90m{"using":"accessibility id","value":"test-Username"}&amp#27;[39m
[debug] &amp#27;[35m[W3C (939183a9)]&amp#27;[39m Calling AppiumDriver.findElement() with args: ["accessibility id","test-Username","939183a9-a922-4fee-90ba-5de5847d3974"]
[debug] &amp#27;[35m[BaseDriver]&amp#27;[39m Valid locator strategies for this request: xpath, id, class name, accessibility id, -android uiautomator
[debug] &amp#27;[35m[BaseDriver]&amp#27;[39m Waiting up to 0 ms for condition
[debug] &amp#27;[35m[WD Proxy]&amp#27;[39m Matched '/element' to command name 'findElement'
[debug] &amp#27;[35m[WD Proxy]&amp#27;[39m Proxying [POST /element] to [POST http://127.0.0.1:10000/wd/hub/session/dd58c3e8-5f89-4d1c-984c-13f9737734d9/element] with body: {"strategy":"accessibility id","selector":"test-Username","context":"","multiple":false}
[debug] &amp#27;[35m[WD Proxy]&amp#27;[39m Got response with status 200: {"sessionId":"dd58c3e8-5f89-4d1c-984c-13f9737734d9","value":{"ELEMENT":"0d6d94e7-56f4-4df1-9549-2a8ce6f56d6c","element-6066-11e4-a52e-4f735466cecf":"0d6d94e7-56f4-4df1-9549-2a8ce6f56d6c"}}
[debug] &amp#27;[35m[W3C (939183a9)]&amp#27;[39m Responding to client with driver.findElement() result: {"element-6066-11e4-a52e-4f735466cecf":"0d6d94e7-56f4-4df1-9549-2a8ce6f56d6c","ELEMENT":"0d6d94e7-56f4-4df1-9549-2a8ce6f56d6c"}
&amp#27;[35m[HTTP]&amp#27;[39m &amp#27;[37m<-- POST /wd/hub/session/939183a9-a922-4fee-90ba-5de5847d3974/element &amp#27;[39m&amp#27;[32m200&amp#27;[39m &amp#27;[90m879 ms - 137&amp#27;[39m
&amp#27;[35m[HTTP]&amp#27;[39m &amp#27;[90m&amp#27;[39m
&amp#27;[35m[HTTP]&amp#27;[39m &amp#27;[37m-->&amp#27;[39m &amp#27;[37mPOST&amp#27;[39m &amp#27;[37m/wd/hub/session/939183a9-a922-4fee-90ba-5de5847d3974/element/0d6d94e7-56f4-4df1-9549-2a8ce6f56d6c/clear&amp#27;[39m
&amp#27;[35m[HTTP]&amp#27;[39m &amp#27;[90m{"id":"0d6d94e7-56f4-4df1-9549-2a8ce6f56d6c"}&amp#27;[39m
[debug] &amp#27;[35m[W3C (939183a9)]&amp#27;[39m Calling AppiumDriver.clear() with args: ["0d6d94e7-56f4-4df1-9549-2a8ce6f56d6c","939183a9-a922-4fee-90ba-5de5847d3974"]
[debug] &amp#27;[35m[WD Proxy]&amp#27;[39m Matched '/element/0d6d94e7-56f4-4df1-9549-2a8ce6f56d6c/clear' to command name 'clear'
[debug] &amp#27;[35m[WD Proxy]&amp#27;[39m Proxying [POST /element/0d6d94e7-56f4-4df1-9549-2a8ce6f56d6c/clear] to [POST http://127.0.0.1:10000/wd/hub/session/dd58c3e8-5f89-4d1c-984c-13f9737734d9/element/0d6d94e7-56f4-4df1-9549-2a8ce6f56d6c/clear] with body: {"elementId":"0d6d94e7-56f4-4df1-9549-2a8ce6f56d6c"}
[debug] &amp#27;[35m[WD Proxy]&amp#27;[39m Got response with status 200: {"sessionId":"dd58c3e8-5f89-4d1c-984c-13f9737734d9","value":null}
[debug] &amp#27;[35m[W3C (939183a9)]&amp#27;[39m Responding to client with driver.clear() result: null
&amp#27;[35m[HTTP]&amp#27;[39m &amp#27;[37m<-- POST /wd/hub/session/939183a9-a922-4fee-90ba-5de5847d3974/element/0d6d94e7-56f4-4df1-9549-2a8ce6f56d6c/clear &amp#27;[39m&amp#27;[32m200&amp#27;[39m &amp#27;[90m45 ms - 14&amp#27;[39m
&amp#27;[35m[HTTP]&amp#27;[39m &amp#27;[90m&amp#27;[39m
&amp#27;[35m[HTTP]&amp#27;[39m &amp#27;[37m-->&amp#27;[39m &amp#27;[37mGET&amp#27;[39m &amp#27;[37m/wd/hub/session/939183a9-a922-4fee-90ba-5de5847d3974/context&amp#27;[39m
&amp#27;[35m[HTTP]&amp#27;[39m &amp#27;[90m{}&amp#27;[39m
[debug] &amp#27;[35m[W3C (939183a9)]&amp#27;[39m Calling AppiumDriver.getCurrentContext() with args: ["939183a9-a922-4fee-90ba-5de5847d3974"]
[debug] &amp#27;[35m[W3C (939183a9)]&amp#27;[39m Responding to client with driver.getCurrentContext() result: "NATIVE_APP"
&amp#27;[35m[HTTP]&amp#27;[39m &amp#27;[37m<-- GET /wd/hub/session/939183a9-a922-4fee-90ba-5de5847d3974/context &amp#27;[39m&amp#27;[32m200&amp#27;[39m &amp#27;[90m2 ms - 22&amp#27;[39m
&amp#27;[35m[HTTP]&amp#27;[39m &amp#27;[90m&amp#27;[39m
&amp#27;[35m[HTTP]&amp#27;[39m &amp#27;[37m-->&amp#27;[39m &amp#27;[37mPOST&amp#27;[39m &amp#27;[37m/wd/hub/session/939183a9-a922-4fee-90ba-5de5847d3974/element&amp#27;[39m
&amp#27;[35m[HTTP]&amp#27;[39m &amp#27;[90m{"using":"accessibility id","value":"test-Username"}&amp#27;[39m
[debug] &amp#27;[35m[W3C (939183a9)]&amp#27;[39m Calling AppiumDriver.findElement() with args: ["accessibility id","test-Username","939183a9-a922-4fee-90ba-5de5847d3974"]
[debug] &amp#27;[35m[BaseDriver]&amp#27;[39m Valid locator strategies for this request: xpath, id, class name, accessibility id, -android uiautomator
[debug] &amp#27;[35m[BaseDriver]&amp#27;[39m Waiting up to 0 ms for condition
[debug] &amp#27;[35m[WD Proxy]&amp#27;[39m Matched '/element' to command name 'findElement'
[debug] &amp#27;[35m[WD Proxy]&amp#27;[39m Proxying [POST /element] to [POST http://127.0.0.1:10000/wd/hub/session/dd58c3e8-5f89-4d1c-984c-13f9737734d9/element] with body: {"strategy":"accessibility id","selector":"test-Username","context":"","multiple":false}
[debug] &amp#27;[35m[WD Proxy]&amp#27;[39m Got response with status 200: {"sessionId":"dd58c3e8-5f89-4d1c-984c-13f9737734d9","value":{"ELEMENT":"375c9780-f942-4c4a-8071-3183dce8c576","element-6066-11e4-a52e-4f735466cecf":"375c9780-f942-4c4a-8071-3183dce8c576"}}
[debug] &amp#27;[35m[W3C (939183a9)]&amp#27;[39m Responding to client with driver.findElement() result: {"element-6066-11e4-a52e-4f735466cecf":"375c9780-f942-4c4a-8071-3183dce8c576","ELEMENT":"375c9780-f942-4c4a-8071-3183dce8c576"}
&amp#27;[35m[HTTP]&amp#27;[39m &amp#27;[37m<-- POST /wd/hub/session/939183a9-a922-4fee-90ba-5de5847d3974/element &amp#27;[39m&amp#27;[32m200&amp#27;[39m &amp#27;[90m531 ms - 137&amp#27;[39m
&amp#27;[35m[HTTP]&amp#27;[39m &amp#27;[90m&amp#27;[39m
&amp#27;[35m[HTTP]&amp#27;[39m &amp#27;[37m-->&amp#27;[39m &amp#27;[37mGET&amp#27;[39m &amp#27;[37m/wd/hub/session/939183a9-a922-4fee-90ba-5de5847d3974/element/375c9780-f942-4c4a-8071-3183dce8c576/text&amp#27;[39m
&amp#27;[35m[HTTP]&amp#27;[39m &amp#27;[90m{}&amp#27;[39m
&amp#27;[35m[W3C (939183a9)]&amp#27;[39m Driver proxy active, passing request on via HTTP proxy
[debug] &amp#27;[35m[WD Proxy]&amp#27;[39m Matched '/wd/hub/session/939183a9-a922-4fee-90ba-5de5847d3974/element/375c9780-f942-4c4a-8071-3183dce8c576/text' to command name 'getText'
[debug] &amp#27;[35m[WD Proxy]&amp#27;[39m Proxying [GET /wd/hub/session/939183a9-a922-4fee-90ba-5de5847d3974/element/375c9780-f942-4c4a-8071-3183dce8c576/text] to [GET http://127.0.0.1:10000/wd/hub/session/dd58c3e8-5f89-4d1c-984c-13f9737734d9/element/375c9780-f942-4c4a-8071-3183dce8c576/text] with no body
[debug] &amp#27;[35m[WD Proxy]&amp#27;[39m Got response with status 200: {"sessionId":"dd58c3e8-5f89-4d1c-984c-13f9737734d9","value":"Username"}
&amp#27;[35m[WD Proxy]&amp#27;[39m Replacing sessionId dd58c3e8-5f89-4d1c-984c-13f9737734d9 with 939183a9-a922-4fee-90ba-5de5847d3974
&amp#27;[35m[HTTP]&amp#27;[39m &amp#27;[37m<-- GET /wd/hub/session/939183a9-a922-4fee-90ba-5de5847d3974/element/375c9780-f942-4c4a-8071-3183dce8c576/text &amp#27;[39m&amp#27;[32m200&amp#27;[39m &amp#27;[90m28 ms - 71&amp#27;[39m
&amp#27;[35m[HTTP]&amp#27;[39m &amp#27;[90m&amp#27;[39m
&amp#27;[35m[HTTP]&amp#27;[39m &amp#27;[37m-->&amp#27;[39m &amp#27;[37mGET&amp#27;[39m &amp#27;[37m/wd/hub/session/939183a9-a922-4fee-90ba-5de5847d3974/context&amp#27;[39m
&amp#27;[35m[HTTP]&amp#27;[39m &amp#27;[90m{}&amp#27;[39m
[debug] &amp#27;[35m[W3C (939183a9)]&amp#27;[39m Calling AppiumDriver.getCurrentContext() with args: ["939183a9-a922-4fee-90ba-5de5847d3974"]
[debug] &amp#27;[35m[W3C (939183a9)]&amp#27;[39m Responding to client with driver.getCurrentContext() result: "NATIVE_APP"
&amp#27;[35m[HTTP]&amp#27;[39m &amp#27;[37m<-- GET /wd/hub/session/939183a9-a922-4fee-90ba-5de5847d3974/context &amp#27;[39m&amp#27;[32m200&amp#27;[39m &amp#27;[90m2 ms - 22&amp#27;[39m
&amp#27;[35m[HTTP]&amp#27;[39m &amp#27;[90m&amp#27;[39m
&amp#27;[35m[HTTP]&amp#27;[39m &amp#27;[37m-->&amp#27;[39m &amp#27;[37mPOST&amp#27;[39m &amp#27;[37m/wd/hub/session/939183a9-a922-4fee-90ba-5de5847d3974/element&amp#27;[39m
&amp#27;[35m[HTTP]&amp#27;[39m &amp#27;[90m{"using":"accessibility id","value":"test-Username"}&amp#27;[39m
[debug] &amp#27;[35m[W3C (939183a9)]&amp#27;[39m Calling AppiumDriver.findElement() with args: ["accessibility id","test-Username","939183a9-a922-4fee-90ba-5de5847d3974"]
[debug] &amp#27;[35m[BaseDriver]&amp#27;[39m Valid locator strategies for this request: xpath, id, class name, accessibility id, -android uiautomator
[debug] &amp#27;[35m[BaseDriver]&amp#27;[39m Waiting up to 0 ms for condition
[debug] &amp#27;[35m[WD Proxy]&amp#27;[39m Matched '/element' to command name 'findElement'
[debug] &amp#27;[35m[WD Proxy]&amp#27;[39m Proxying [POST /element] to [POST http://127.0.0.1:10000/wd/hub/session/dd58c3e8-5f89-4d1c-984c-13f9737734d9/element] with body: {"strategy":"accessibility id","selector":"test-Username","context":"","multiple":false}
[debug] &amp#27;[35m[WD Proxy]&amp#27;[39m Got response with status 200: {"sessionId":"dd58c3e8-5f89-4d1c-984c-13f9737734d9","value":{"ELEMENT":"b8e6ce03-f3ba-4174-9895-01c3a316280f","element-6066-11e4-a52e-4f735466cecf":"b8e6ce03-f3ba-4174-9895-01c3a316280f"}}
[debug] &amp#27;[35m[W3C (939183a9)]&amp#27;[39m Responding to client with driver.findElement() result: {"element-6066-11e4-a52e-4f735466cecf":"b8e6ce03-f3ba-4174-9895-01c3a316280f","ELEMENT":"b8e6ce03-f3ba-4174-9895-01c3a316280f"}
&amp#27;[35m[HTTP]&amp#27;[39m &amp#27;[37m<-- POST /wd/hub/session/939183a9-a922-4fee-90ba-5de5847d3974/element &amp#27;[39m&amp#27;[32m200&amp#27;[39m &amp#27;[90m62 ms - 137&amp#27;[39m
&amp#27;[35m[HTTP]&amp#27;[39m &amp#27;[90m&amp#27;[39m
&amp#27;[35m[HTTP]&amp#27;[39m &amp#27;[37m-->&amp#27;[39m &amp#27;[37mGET&amp#27;[39m &amp#27;[37m/wd/hub/session/939183a9-a922-4fee-90ba-5de5847d3974/element/b8e6ce03-f3ba-4174-9895-01c3a316280f/displayed&amp#27;[39m
&amp#27;[35m[HTTP]&amp#27;[39m &amp#27;[90m{}&amp#27;[39m
[debug] &amp#27;[35m[W3C (939183a9)]&amp#27;[39m Calling AppiumDriver.elementDisplayed() with args: ["b8e6ce03-f3ba-4174-9895-01c3a316280f","939183a9-a922-4fee-90ba-5de5847d3974"]
[debug] &amp#27;[35m[WD Proxy]&amp#27;[39m Matched '/element/b8e6ce03-f3ba-4174-9895-01c3a316280f/attribute/displayed' to command name 'getAttribute'
[debug] &amp#27;[35m[WD Proxy]&amp#27;[39m Proxying [GET /element/b8e6ce03-f3ba-4174-9895-01c3a316280f/attribute/displayed] to [GET http://127.0.0.1:10000/wd/hub/session/dd58c3e8-5f89-4d1c-984c-13f9737734d9/element/b8e6ce03-f3ba-4174-9895-01c3a316280f/attribute/displayed] with no body
[debug] &amp#27;[35m[WD Proxy]&amp#27;[39m Got response with status 200: {"sessionId":"dd58c3e8-5f89-4d1c-984c-13f9737734d9","value":"true"}
[debug] &amp#27;[35m[W3C (939183a9)]&amp#27;[39m Responding to client with driver.elementDisplayed() result: true
&amp#27;[35m[HTTP]&amp#27;[39m &amp#27;[37m<-- GET /wd/hub/session/939183a9-a922-4fee-90ba-5de5847d3974/element/b8e6ce03-f3ba-4174-9895-01c3a316280f/displayed &amp#27;[39m&amp#27;[32m200&amp#27;[39m &amp#27;[90m45 ms - 14&amp#27;[39m
&amp#27;[35m[HTTP]&amp#27;[39m &amp#27;[90m&amp#27;[39m
&amp#27;[35m[HTTP]&amp#27;[39m &amp#27;[37m-->&amp#27;[39m &amp#27;[37mGET&amp#27;[39m &amp#27;[37m/wd/hub/session/939183a9-a922-4fee-90ba-5de5847d3974/context&amp#27;[39m
&amp#27;[35m[HTTP]&amp#27;[39m &amp#27;[90m{}&amp#27;[39m
[debug] &amp#27;[35m[W3C (939183a9)]&amp#27;[39m Calling AppiumDriver.getCurrentContext() with args: ["939183a9-a922-4fee-90ba-5de5847d3974"]
[debug] &amp#27;[35m[W3C (939183a9)]&amp#27;[39m Responding to client with driver.getCurrentContext() result: "NATIVE_APP"
&amp#27;[35m[HTTP]&amp#27;[39m &amp#27;[37m<-- GET /wd/hub/session/939183a9-a922-4fee-90ba-5de5847d3974/context &amp#27;[39m&amp#27;[32m200&amp#27;[39m &amp#27;[90m1 ms - 22&amp#27;[39m
&amp#27;[35m[HTTP]&amp#27;[39m &amp#27;[90m&amp#27;[39m
&amp#27;[35m[HTTP]&amp#27;[39m &amp#27;[37m-->&amp#27;[39m &amp#27;[37mPOST&amp#27;[39m &amp#27;[37m/wd/hub/session/939183a9-a922-4fee-90ba-5de5847d3974/element&amp#27;[39m
&amp#27;[35m[HTTP]&amp#27;[39m &amp#27;[90m{"using":"accessibility id","value":"test-Username"}&amp#27;[39m
[debug] &amp#27;[35m[W3C (939183a9)]&amp#27;[39m Calling AppiumDriver.findElement() with args: ["accessibility id","test-Username","939183a9-a922-4fee-90ba-5de5847d3974"]
[debug] &amp#27;[35m[BaseDriver]&amp#27;[39m Valid locator strategies for this request: xpath, id, class name, accessibility id, -android uiautomator
[debug] &amp#27;[35m[BaseDriver]&amp#27;[39m Waiting up to 0 ms for condition
[debug] &amp#27;[35m[WD Proxy]&amp#27;[39m Matched '/element' to command name 'findElement'
[debug] &amp#27;[35m[WD Proxy]&amp#27;[39m Proxying [POST /element] to [POST http://127.0.0.1:10000/wd/hub/session/dd58c3e8-5f89-4d1c-984c-13f9737734d9/element] with body: {"strategy":"accessibility id","selector":"test-Username","context":"","multiple":false}
[debug] &amp#27;[35m[WD Proxy]&amp#27;[39m Got response with status 200: {"sessionId":"dd58c3e8-5f89-4d1c-984c-13f9737734d9","value":{"ELEMENT":"ad6fd6cc-7435-4b38-8b96-4ab9017f48dd","element-6066-11e4-a52e-4f735466cecf":"ad6fd6cc-7435-4b38-8b96-4ab9017f48dd"}}
[debug] &amp#27;[35m[W3C (939183a9)]&amp#27;[39m Responding to client with driver.findElement() result: {"element-6066-11e4-a52e-4f735466cecf":"ad6fd6cc-7435-4b38-8b96-4ab9017f48dd","ELEMENT":"ad6fd6cc-7435-4b38-8b96-4ab9017f48dd"}
&amp#27;[35m[HTTP]&amp#27;[39m &amp#27;[37m<-- POST /wd/hub/session/939183a9-a922-4fee-90ba-5de5847d3974/element &amp#27;[39m&amp#27;[32m200&amp#27;[39m &amp#27;[90m78 ms - 137&amp#27;[39m
&amp#27;[35m[HTTP]&amp#27;[39m &amp#27;[90m&amp#27;[39m
&amp#27;[35m[HTTP]&amp#27;[39m &amp#27;[37m-->&amp#27;[39m &amp#27;[37mGET&amp#27;[39m &amp#27;[37m/wd/hub/session/939183a9-a922-4fee-90ba-5de5847d3974/element/ad6fd6cc-7435-4b38-8b96-4ab9017f48dd/text&amp#27;[39m
&amp#27;[35m[HTTP]&amp#27;[39m &amp#27;[90m{}&amp#27;[39m
&amp#27;[35m[W3C (939183a9)]&amp#27;[39m Driver proxy active, passing request on via HTTP proxy
[debug] &amp#27;[35m[WD Proxy]&amp#27;[39m Matched '/wd/hub/session/939183a9-a922-4fee-90ba-5de5847d3974/element/ad6fd6cc-7435-4b38-8b96-4ab9017f48dd/text' to command name 'getText'
[debug] &amp#27;[35m[WD Proxy]&amp#27;[39m Proxying [GET /wd/hub/session/939183a9-a922-4fee-90ba-5de5847d3974/element/ad6fd6cc-7435-4b38-8b96-4ab9017f48dd/text] to [GET http://127.0.0.1:10000/wd/hub/session/dd58c3e8-5f89-4d1c-984c-13f9737734d9/element/ad6fd6cc-7435-4b38-8b96-4ab9017f48dd/text] with no body
[debug] &amp#27;[35m[WD Proxy]&amp#27;[39m Got response with status 200: {"sessionId":"dd58c3e8-5f89-4d1c-984c-13f9737734d9","value":"Username"}
&amp#27;[35m[WD Proxy]&amp#27;[39m Replacing sessionId dd58c3e8-5f89-4d1c-984c-13f9737734d9 with 939183a9-a922-4fee-90ba-5de5847d3974
&amp#27;[35m[HTTP]&amp#27;[39m &amp#27;[37m<-- GET /wd/hub/session/939183a9-a922-4fee-90ba-5de5847d3974/element/ad6fd6cc-7435-4b38-8b96-4ab9017f48dd/text &amp#27;[39m&amp#27;[32m200&amp#27;[39m &amp#27;[90m44 ms - 71&amp#27;[39m
&amp#27;[35m[HTTP]&amp#27;[39m &amp#27;[90m&amp#27;[39m
&amp#27;[35m[HTTP]&amp#27;[39m &amp#27;[37m-->&amp#27;[39m &amp#27;[37mGET&amp#27;[39m &amp#27;[37m/wd/hub/session/939183a9-a922-4fee-90ba-5de5847d3974/context&amp#27;[39m
&amp#27;[35m[HTTP]&amp#27;[39m &amp#27;[90m{}&amp#27;[39m
[debug] &amp#27;[35m[W3C (939183a9)]&amp#27;[39m Calling AppiumDriver.getCurrentContext() with args: ["939183a9-a922-4fee-90ba-5de5847d3974"]
[debug] &amp#27;[35m[W3C (939183a9)]&amp#27;[39m Responding to client with driver.getCurrentContext() result: "NATIVE_APP"
&amp#27;[35m[HTTP]&amp#27;[39m &amp#27;[37m<-- GET /wd/hub/session/939183a9-a922-4fee-90ba-5de5847d3974/context &amp#27;[39m&amp#27;[32m200&amp#27;[39m &amp#27;[90m1 ms - 22&amp#27;[39m
&amp#27;[35m[HTTP]&amp#27;[39m &amp#27;[90m&amp#27;[39m
&amp#27;[35m[HTTP]&amp#27;[39m &amp#27;[37m-->&amp#27;[39m &amp#27;[37mPOST&amp#27;[39m &amp#27;[37m/wd/hub/session/939183a9-a922-4fee-90ba-5de5847d3974/element&amp#27;[39m
&amp#27;[35m[HTTP]&amp#27;[39m &amp#27;[90m{"using":"accessibility id","value":"test-Username"}&amp#27;[39m
[debug] &amp#27;[35m[W3C (939183a9)]&amp#27;[39m Calling AppiumDriver.findElement() with args: ["accessibility id","test-Username","939183a9-a922-4fee-90ba-5de5847d3974"]
[debug] &amp#27;[35m[BaseDriver]&amp#27;[39m Valid locator strategies for this request: xpath, id, class name, accessibility id, -android uiautomator
[debug] &amp#27;[35m[BaseDriver]&amp#27;[39m Waiting up to 0 ms for condition
[debug] &amp#27;[35m[WD Proxy]&amp#27;[39m Matched '/element' to command name 'findElement'
[debug] &amp#27;[35m[WD Proxy]&amp#27;[39m Proxying [POST /element] to [POST http://127.0.0.1:10000/wd/hub/session/dd58c3e8-5f89-4d1c-984c-13f9737734d9/element] with body: {"strategy":"accessibility id","selector":"test-Username","context":"","multiple":false}
[debug] &amp#27;[35m[WD Proxy]&amp#27;[39m Got response with status 200: {"sessionId":"dd58c3e8-5f89-4d1c-984c-13f9737734d9","value":{"ELEMENT":"6f9f7542-911d-4ffc-be1c-fec470262ee7","element-6066-11e4-a52e-4f735466cecf":"6f9f7542-911d-4ffc-be1c-fec470262ee7"}}
[debug] &amp#27;[35m[W3C (939183a9)]&amp#27;[39m Responding to client with driver.findElement() result: {"element-6066-11e4-a52e-4f735466cecf":"6f9f7542-911d-4ffc-be1c-fec470262ee7","ELEMENT":"6f9f7542-911d-4ffc-be1c-fec470262ee7"}
&amp#27;[35m[HTTP]&amp#27;[39m &amp#27;[37m<-- POST /wd/hub/session/939183a9-a922-4fee-90ba-5de5847d3974/element &amp#27;[39m&amp#27;[32m200&amp#27;[39m &amp#27;[90m72 ms - 137&amp#27;[39m
&amp#27;[35m[HTTP]&amp#27;[39m &amp#27;[90m&amp#27;[39m
&amp#27;[35m[HTTP]&amp#27;[39m &amp#27;[37m-->&amp#27;[39m &amp#27;[37mPOST&amp#27;[39m &amp#27;[37m/wd/hub/session/939183a9-a922-4fee-90ba-5de5847d3974/element/6f9f7542-911d-4ffc-be1c-fec470262ee7/value&amp#27;[39m
&amp#27;[35m[HTTP]&amp#27;[39m &amp#27;[90m{"id":"6f9f7542-911d-4ffc-be1c-fec470262ee7","text":"standard_user","value":["s","t","a","n","d","a","r","d","_","u","s","e","r"]}&amp#27;[39m
[debug] &amp#27;[35m[W3C (939183a9)]&amp#27;[39m Calling AppiumDriver.setValue() with args: [["s","t","a","n","d","a","r","d","_","u","s","e","r"],"6f9f7542-911d-4ffc-be1c-fec470262ee7","939183a9-a922-4fee-90ba-5de5847d3974"]
[debug] &amp#27;[35m[WD Proxy]&amp#27;[39m Matched '/element/6f9f7542-911d-4ffc-be1c-fec470262ee7/value' to command name 'setValue'
[debug] &amp#27;[35m[Protocol Converter]&amp#27;[39m Added 'value' property ["s","t","a","n","d","a","r","d","_","u","s","e","r"] to 'setValue' request body
[debug] &amp#27;[35m[WD Proxy]&amp#27;[39m Proxying [POST /element/6f9f7542-911d-4ffc-be1c-fec470262ee7/value] to [POST http://127.0.0.1:10000/wd/hub/session/dd58c3e8-5f89-4d1c-984c-13f9737734d9/element/6f9f7542-911d-4ffc-be1c-fec470262ee7/value] with body: {"elementId":"6f9f7542-911d-4ffc-be1c-fec470262ee7","text":"standard_user","replace":false,"value":["s","t","a","n","d","a","r","d","_","u","s","e","r"]}
[debug] &amp#27;[35m[WD Proxy]&amp#27;[39m Got response with status 200: {"sessionId":"dd58c3e8-5f89-4d1c-984c-13f9737734d9","value":null}
[debug] &amp#27;[35m[W3C (939183a9)]&amp#27;[39m Responding to client with driver.setValue() result: null
&amp#27;[35m[HTTP]&amp#27;[39m &amp#27;[37m<-- POST /wd/hub/session/939183a9-a922-4fee-90ba-5de5847d3974/element/6f9f7542-911d-4ffc-be1c-fec470262ee7/value &amp#27;[39m&amp#27;[32m200&amp#27;[39m &amp#27;[90m546 ms - 14&amp#27;[39m
&amp#27;[35m[HTTP]&amp#27;[39m &amp#27;[90m&amp#27;[39m
&amp#27;[35m[HTTP]&amp#27;[39m &amp#27;[37m-->&amp#27;[39m &amp#27;[37mGET&amp#27;[39m &amp#27;[37m/wd/hub/session/939183a9-a922-4fee-90ba-5de5847d3974/context&amp#27;[39m
&amp#27;[35m[HTTP]&amp#27;[39m &amp#27;[90m{}&amp#27;[39m
[debug] &amp#27;[35m[W3C (939183a9)]&amp#27;[39m Calling AppiumDriver.getCurrentContext() with args: ["939183a9-a922-4fee-90ba-5de5847d3974"]
[debug] &amp#27;[35m[W3C (939183a9)]&amp#27;[39m Responding to client with driver.getCurrentContext() result: "NATIVE_APP"
&amp#27;[35m[HTTP]&amp#27;[39m &amp#27;[37m<-- GET /wd/hub/session/939183a9-a922-4fee-90ba-5de5847d3974/context &amp#27;[39m&amp#27;[32m200&amp#27;[39m &amp#27;[90m1 ms - 22&amp#27;[39m
&amp#27;[35m[HTTP]&amp#27;[39m &amp#27;[90m&amp#27;[39m
&amp#27;[35m[HTTP]&amp#27;[39m &amp#27;[37m-->&amp#27;[39m &amp#27;[37mPOST&amp#27;[39m &amp#27;[37m/wd/hub/session/939183a9-a922-4fee-90ba-5de5847d3974/element&amp#27;[39m
&amp#27;[35m[HTTP]&amp#27;[39m &amp#27;[90m{"using":"accessibility id","value":"test-Username"}&amp#27;[39m
[debug] &amp#27;[35m[W3C (939183a9)]&amp#27;[39m Calling AppiumDriver.findElement() with args: ["accessibility id","test-Username","939183a9-a922-4fee-90ba-5de5847d3974"]
[debug] &amp#27;[35m[BaseDriver]&amp#27;[39m Valid locator strategies for this request: xpath, id, class name, accessibility id, -android uiautomator
[debug] &amp#27;[35m[BaseDriver]&amp#27;[39m Waiting up to 0 ms for condition
[debug] &amp#27;[35m[WD Proxy]&amp#27;[39m Matched '/element' to command name 'findElement'
[debug] &amp#27;[35m[WD Proxy]&amp#27;[39m Proxying [POST /element] to [POST http://127.0.0.1:10000/wd/hub/session/dd58c3e8-5f89-4d1c-984c-13f9737734d9/element] with body: {"strategy":"accessibility id","selector":"test-Username","context":"","multiple":false}
[debug] &amp#27;[35m[WD Proxy]&amp#27;[39m Got response with status 200: {"sessionId":"dd58c3e8-5f89-4d1c-984c-13f9737734d9","value":{"ELEMENT":"252222e4-37ab-4010-867c-5da286f0e525","element-6066-11e4-a52e-4f735466cecf":"252222e4-37ab-4010-867c-5da286f0e525"}}
[debug] &amp#27;[35m[W3C (939183a9)]&amp#27;[39m Responding to client with driver.findElement() result: {"element-6066-11e4-a52e-4f735466cecf":"252222e4-37ab-4010-867c-5da286f0e525","ELEMENT":"252222e4-37ab-4010-867c-5da286f0e525"}
&amp#27;[35m[HTTP]&amp#27;[39m &amp#27;[37m<-- POST /wd/hub/session/939183a9-a922-4fee-90ba-5de5847d3974/element &amp#27;[39m&amp#27;[32m200&amp#27;[39m &amp#27;[90m506 ms - 137&amp#27;[39m
&amp#27;[35m[HTTP]&amp#27;[39m &amp#27;[90m&amp#27;[39m
&amp#27;[35m[HTTP]&amp#27;[39m &amp#27;[37m-->&amp#27;[39m &amp#27;[37mGET&amp#27;[39m &amp#27;[37m/wd/hub/session/939183a9-a922-4fee-90ba-5de5847d3974/element/252222e4-37ab-4010-867c-5da286f0e525/text&amp#27;[39m
&amp#27;[35m[HTTP]&amp#27;[39m &amp#27;[90m{}&amp#27;[39m
&amp#27;[35m[W3C (939183a9)]&amp#27;[39m Driver proxy active, passing request on via HTTP proxy
[debug] &amp#27;[35m[WD Proxy]&amp#27;[39m Matched '/wd/hub/session/939183a9-a922-4fee-90ba-5de5847d3974/element/252222e4-37ab-4010-867c-5da286f0e525/text' to command name 'getText'
[debug] &amp#27;[35m[WD Proxy]&amp#27;[39m Proxying [GET /wd/hub/session/939183a9-a922-4fee-90ba-5de5847d3974/element/252222e4-37ab-4010-867c-5da286f0e525/text] to [GET http://127.0.0.1:10000/wd/hub/session/dd58c3e8-5f89-4d1c-984c-13f9737734d9/element/252222e4-37ab-4010-867c-5da286f0e525/text] with no body
[debug] &amp#27;[35m[WD Proxy]&amp#27;[39m Got response with status 200: {"sessionId":"dd58c3e8-5f89-4d1c-984c-13f9737734d9","value":"standard_user"}
&amp#27;[35m[WD Proxy]&amp#27;[39m Replacing sessionId dd58c3e8-5f89-4d1c-984c-13f9737734d9 with 939183a9-a922-4fee-90ba-5de5847d3974
&amp#27;[35m[HTTP]&amp#27;[39m &amp#27;[37m<-- GET /wd/hub/session/939183a9-a922-4fee-90ba-5de5847d3974/element/252222e4-37ab-4010-867c-5da286f0e525/text &amp#27;[39m&amp#27;[32m200&amp#27;[39m &amp#27;[90m15 ms - 76&amp#27;[39m
&amp#27;[35m[HTTP]&amp#27;[39m &amp#27;[90m&amp#27;[39m
&amp#27;[35m[HTTP]&amp#27;[39m &amp#27;[37m-->&amp#27;[39m &amp#27;[37mGET&amp#27;[39m &amp#27;[37m/wd/hub/session/939183a9-a922-4fee-90ba-5de5847d3974/context&amp#27;[39m
&amp#27;[35m[HTTP]&amp#27;[39m &amp#27;[90m{}&amp#27;[39m
[debug] &amp#27;[35m[W3C (939183a9)]&amp#27;[39m Calling AppiumDriver.getCurrentContext() with args: ["939183a9-a922-4fee-90ba-5de5847d3974"]
[debug] &amp#27;[35m[W3C (939183a9)]&amp#27;[39m Responding to client with driver.getCurrentContext() result: "NATIVE_APP"
&amp#27;[35m[HTTP]&amp#27;[39m &amp#27;[37m<-- GET /wd/hub/session/939183a9-a922-4fee-90ba-5de5847d3974/context &amp#27;[39m&amp#27;[32m200&amp#27;[39m &amp#27;[90m2 ms - 22&amp#27;[39m
&amp#27;[35m[HTTP]&amp#27;[39m &amp#27;[90m&amp#27;[39m
&amp#27;[35m[HTTP]&amp#27;[39m &amp#27;[37m-->&amp#27;[39m &amp#27;[37mPOST&amp#27;[39m &amp#27;[37m/wd/hub/session/939183a9-a922-4fee-90ba-5de5847d3974/element&amp#27;[39m
&amp#27;[35m[HTTP]&amp#27;[39m &amp#27;[90m{"using":"accessibility id","value":"test-Password"}&amp#27;[39m
[debug] &amp#27;[35m[W3C (939183a9)]&amp#27;[39m Calling AppiumDriver.findElement() with args: ["accessibility id","test-Password","939183a9-a922-4fee-90ba-5de5847d3974"]
[debug] &amp#27;[35m[BaseDriver]&amp#27;[39m Valid locator strategies for this request: xpath, id, class name, accessibility id, -android uiautomator
[debug] &amp#27;[35m[BaseDriver]&amp#27;[39m Waiting up to 0 ms for condition
[debug] &amp#27;[35m[WD Proxy]&amp#27;[39m Matched '/element' to command name 'findElement'
[debug] &amp#27;[35m[WD Proxy]&amp#27;[39m Proxying [POST /element] to [POST http://127.0.0.1:10000/wd/hub/session/dd58c3e8-5f89-4d1c-984c-13f9737734d9/element] with body: {"strategy":"accessibility id","selector":"test-Password","context":"","multiple":false}
[debug] &amp#27;[35m[WD Proxy]&amp#27;[39m Got response with status 200: {"sessionId":"dd58c3e8-5f89-4d1c-984c-13f9737734d9","value":{"ELEMENT":"6414d07a-8820-4b62-b211-4a5d437dec39","element-6066-11e4-a52e-4f735466cecf":"6414d07a-8820-4b62-b211-4a5d437dec39"}}
[debug] &amp#27;[35m[W3C (939183a9)]&amp#27;[39m Responding to client with driver.findElement() result: {"element-6066-11e4-a52e-4f735466cecf":"6414d07a-8820-4b62-b211-4a5d437dec39","ELEMENT":"6414d07a-8820-4b62-b211-4a5d437dec39"}
&amp#27;[35m[HTTP]&amp#27;[39m &amp#27;[37m<-- POST /wd/hub/session/939183a9-a922-4fee-90ba-5de5847d3974/element &amp#27;[39m&amp#27;[32m200&amp#27;[39m &amp#27;[90m32 ms - 137&amp#27;[39m
&amp#27;[35m[HTTP]&amp#27;[39m &amp#27;[90m&amp#27;[39m
&amp#27;[35m[HTTP]&amp#27;[39m &amp#27;[37m-->&amp#27;[39m &amp#27;[37mPOST&amp#27;[39m &amp#27;[37m/wd/hub/session/939183a9-a922-4fee-90ba-5de5847d3974/element/6414d07a-8820-4b62-b211-4a5d437dec39/clear&amp#27;[39m
&amp#27;[35m[HTTP]&amp#27;[39m &amp#27;[90m{"id":"6414d07a-8820-4b62-b211-4a5d437dec39"}&amp#27;[39m
[debug] &amp#27;[35m[W3C (939183a9)]&amp#27;[39m Calling AppiumDriver.clear() with args: ["6414d07a-8820-4b62-b211-4a5d437dec39","939183a9-a922-4fee-90ba-5de5847d3974"]
[debug] &amp#27;[35m[WD Proxy]&amp#27;[39m Matched '/element/6414d07a-8820-4b62-b211-4a5d437dec39/clear' to command name 'clear'
[debug] &amp#27;[35m[WD Proxy]&amp#27;[39m Proxying [POST /element/6414d07a-8820-4b62-b211-4a5d437dec39/clear] to [POST http://127.0.0.1:10000/wd/hub/session/dd58c3e8-5f89-4d1c-984c-13f9737734d9/element/6414d07a-8820-4b62-b211-4a5d437dec39/clear] with body: {"elementId":"6414d07a-8820-4b62-b211-4a5d437dec39"}
[debug] &amp#27;[35m[WD Proxy]&amp#27;[39m Got response with status 200: {"sessionId":"dd58c3e8-5f89-4d1c-984c-13f9737734d9","value":null}
[debug] &amp#27;[35m[W3C (939183a9)]&amp#27;[39m Responding to client with driver.clear() result: null
&amp#27;[35m[HTTP]&amp#27;[39m &amp#27;[37m<-- POST /wd/hub/session/939183a9-a922-4fee-90ba-5de5847d3974/element/6414d07a-8820-4b62-b211-4a5d437dec39/clear &amp#27;[39m&amp#27;[32m200&amp#27;[39m &amp#27;[90m23 ms - 14&amp#27;[39m
&amp#27;[35m[HTTP]&amp#27;[39m &amp#27;[90m&amp#27;[39m
&amp#27;[35m[HTTP]&amp#27;[39m &amp#27;[37m-->&amp#27;[39m &amp#27;[37mGET&amp#27;[39m &amp#27;[37m/wd/hub/session/939183a9-a922-4fee-90ba-5de5847d3974/context&amp#27;[39m
&amp#27;[35m[HTTP]&amp#27;[39m &amp#27;[90m{}&amp#27;[39m
[debug] &amp#27;[35m[W3C (939183a9)]&amp#27;[39m Calling AppiumDriver.getCurrentContext() with args: ["939183a9-a922-4fee-90ba-5de5847d3974"]
[debug] &amp#27;[35m[W3C (939183a9)]&amp#27;[39m Responding to client with driver.getCurrentContext() result: "NATIVE_APP"
&amp#27;[35m[HTTP]&amp#27;[39m &amp#27;[37m<-- GET /wd/hub/session/939183a9-a922-4fee-90ba-5de5847d3974/context &amp#27;[39m&amp#27;[32m200&amp#27;[39m &amp#27;[90m1 ms - 22&amp#27;[39m
&amp#27;[35m[HTTP]&amp#27;[39m &amp#27;[90m&amp#27;[39m
&amp#27;[35m[HTTP]&amp#27;[39m &amp#27;[37m-->&amp#27;[39m &amp#27;[37mPOST&amp#27;[39m &amp#27;[37m/wd/hub/session/939183a9-a922-4fee-90ba-5de5847d3974/element&amp#27;[39m
&amp#27;[35m[HTTP]&amp#27;[39m &amp#27;[90m{"using":"accessibility id","value":"test-Password"}&amp#27;[39m
[debug] &amp#27;[35m[W3C (939183a9)]&amp#27;[39m Calling AppiumDriver.findElement() with args: ["accessibility id","test-Password","939183a9-a922-4fee-90ba-5de5847d3974"]
[debug] &amp#27;[35m[BaseDriver]&amp#27;[39m Valid locator strategies for this request: xpath, id, class name, accessibility id, -android uiautomator
[debug] &amp#27;[35m[BaseDriver]&amp#27;[39m Waiting up to 0 ms for condition
[debug] &amp#27;[35m[WD Proxy]&amp#27;[39m Matched '/element' to command name 'findElement'
[debug] &amp#27;[35m[WD Proxy]&amp#27;[39m Proxying [POST /element] to [POST http://127.0.0.1:10000/wd/hub/session/dd58c3e8-5f89-4d1c-984c-13f9737734d9/element] with body: {"strategy":"accessibility id","selector":"test-Password","context":"","multiple":false}
[debug] &amp#27;[35m[WD Proxy]&amp#27;[39m Got response with status 200: {"sessionId":"dd58c3e8-5f89-4d1c-984c-13f9737734d9","value":{"ELEMENT":"398f39ed-cc33-45ca-b383-65dceac1dcaa","element-6066-11e4-a52e-4f735466cecf":"398f39ed-cc33-45ca-b383-65dceac1dcaa"}}
[debug] &amp#27;[35m[W3C (939183a9)]&amp#27;[39m Responding to client with driver.findElement() result: {"element-6066-11e4-a52e-4f735466cecf":"398f39ed-cc33-45ca-b383-65dceac1dcaa","ELEMENT":"398f39ed-cc33-45ca-b383-65dceac1dcaa"}
&amp#27;[35m[HTTP]&amp#27;[39m &amp#27;[37m<-- POST /wd/hub/session/939183a9-a922-4fee-90ba-5de5847d3974/element &amp#27;[39m&amp#27;[32m200&amp#27;[39m &amp#27;[90m502 ms - 137&amp#27;[39m
&amp#27;[35m[HTTP]&amp#27;[39m &amp#27;[90m&amp#27;[39m
&amp#27;[35m[HTTP]&amp#27;[39m &amp#27;[37m-->&amp#27;[39m &amp#27;[37mGET&amp#27;[39m &amp#27;[37m/wd/hub/session/939183a9-a922-4fee-90ba-5de5847d3974/element/398f39ed-cc33-45ca-b383-65dceac1dcaa/text&amp#27;[39m
&amp#27;[35m[HTTP]&amp#27;[39m &amp#27;[90m{}&amp#27;[39m
&amp#27;[35m[W3C (939183a9)]&amp#27;[39m Driver proxy active, passing request on via HTTP proxy
[debug] &amp#27;[35m[WD Proxy]&amp#27;[39m Matched '/wd/hub/session/939183a9-a922-4fee-90ba-5de5847d3974/element/398f39ed-cc33-45ca-b383-65dceac1dcaa/text' to command name 'getText'
[debug] &amp#27;[35m[WD Proxy]&amp#27;[39m Proxying [GET /wd/hub/session/939183a9-a922-4fee-90ba-5de5847d3974/element/398f39ed-cc33-45ca-b383-65dceac1dcaa/text] to [GET http://127.0.0.1:10000/wd/hub/session/dd58c3e8-5f89-4d1c-984c-13f9737734d9/element/398f39ed-cc33-45ca-b383-65dceac1dcaa/text] with no body
[debug] &amp#27;[35m[WD Proxy]&amp#27;[39m Got response with status 200: {"sessionId":"dd58c3e8-5f89-4d1c-984c-13f9737734d9","value":"Password"}
&amp#27;[35m[WD Proxy]&amp#27;[39m Replacing sessionId dd58c3e8-5f89-4d1c-984c-13f9737734d9 with 939183a9-a922-4fee-90ba-5de5847d3974
&amp#27;[35m[HTTP]&amp#27;[39m &amp#27;[37m<-- GET /wd/hub/session/939183a9-a922-4fee-90ba-5de5847d3974/element/398f39ed-cc33-45ca-b383-65dceac1dcaa/text &amp#27;[39m&amp#27;[32m200&amp#27;[39m &amp#27;[90m13 ms - 71&amp#27;[39m
&amp#27;[35m[HTTP]&amp#27;[39m &amp#27;[90m&amp#27;[39m
&amp#27;[35m[HTTP]&amp#27;[39m &amp#27;[37m-->&amp#27;[39m &amp#27;[37mGET&amp#27;[39m &amp#27;[37m/wd/hub/session/939183a9-a922-4fee-90ba-5de5847d3974/context&amp#27;[39m
&amp#27;[35m[HTTP]&amp#27;[39m &amp#27;[90m{}&amp#27;[39m
[debug] &amp#27;[35m[W3C (939183a9)]&amp#27;[39m Calling AppiumDriver.getCurrentContext() with args: ["939183a9-a922-4fee-90ba-5de5847d3974"]
[debug] &amp#27;[35m[W3C (939183a9)]&amp#27;[39m Responding to client with driver.getCurrentContext() result: "NATIVE_APP"
&amp#27;[35m[HTTP]&amp#27;[39m &amp#27;[37m<-- GET /wd/hub/session/939183a9-a922-4fee-90ba-5de5847d3974/context &amp#27;[39m&amp#27;[32m200&amp#27;[39m &amp#27;[90m1 ms - 22&amp#27;[39m
&amp#27;[35m[HTTP]&amp#27;[39m &amp#27;[90m&amp#27;[39m
&amp#27;[35m[HTTP]&amp#27;[39m &amp#27;[37m-->&amp#27;[39m &amp#27;[37mPOST&amp#27;[39m &amp#27;[37m/wd/hub/session/939183a9-a922-4fee-90ba-5de5847d3974/element&amp#27;[39m
&amp#27;[35m[HTTP]&amp#27;[39m &amp#27;[90m{"using":"accessibility id","value":"test-Password"}&amp#27;[39m
[debug] &amp#27;[35m[W3C (939183a9)]&amp#27;[39m Calling AppiumDriver.findElement() with args: ["accessibility id","test-Password","939183a9-a922-4fee-90ba-5de5847d3974"]
[debug] &amp#27;[35m[BaseDriver]&amp#27;[39m Valid locator strategies for this request: xpath, id, class name, accessibility id, -android uiautomator
[debug] &amp#27;[35m[BaseDriver]&amp#27;[39m Waiting up to 0 ms for condition
[debug] &amp#27;[35m[WD Proxy]&amp#27;[39m Matched '/element' to command name 'findElement'
[debug] &amp#27;[35m[WD Proxy]&amp#27;[39m Proxying [POST /element] to [POST http://127.0.0.1:10000/wd/hub/session/dd58c3e8-5f89-4d1c-984c-13f9737734d9/element] with body: {"strategy":"accessibility id","selector":"test-Password","context":"","multiple":false}
[debug] &amp#27;[35m[WD Proxy]&amp#27;[39m Got response with status 200: {"sessionId":"dd58c3e8-5f89-4d1c-984c-13f9737734d9","value":{"ELEMENT":"ebe045ff-bc76-4a7c-9c05-3f0be28e06fe","element-6066-11e4-a52e-4f735466cecf":"ebe045ff-bc76-4a7c-9c05-3f0be28e06fe"}}
[debug] &amp#27;[35m[W3C (939183a9)]&amp#27;[39m Responding to client with driver.findElement() result: {"element-6066-11e4-a52e-4f735466cecf":"ebe045ff-bc76-4a7c-9c05-3f0be28e06fe","ELEMENT":"ebe045ff-bc76-4a7c-9c05-3f0be28e06fe"}
&amp#27;[35m[HTTP]&amp#27;[39m &amp#27;[37m<-- POST /wd/hub/session/939183a9-a922-4fee-90ba-5de5847d3974/element &amp#27;[39m&amp#27;[32m200&amp#27;[39m &amp#27;[90m22 ms - 137&amp#27;[39m
&amp#27;[35m[HTTP]&amp#27;[39m &amp#27;[90m&amp#27;[39m
&amp#27;[35m[HTTP]&amp#27;[39m &amp#27;[37m-->&amp#27;[39m &amp#27;[37mGET&amp#27;[39m &amp#27;[37m/wd/hub/session/939183a9-a922-4fee-90ba-5de5847d3974/element/ebe045ff-bc76-4a7c-9c05-3f0be28e06fe/displayed&amp#27;[39m
&amp#27;[35m[HTTP]&amp#27;[39m &amp#27;[90m{}&amp#27;[39m
[debug] &amp#27;[35m[W3C (939183a9)]&amp#27;[39m Calling AppiumDriver.elementDisplayed() with args: ["ebe045ff-bc76-4a7c-9c05-3f0be28e06fe","939183a9-a922-4fee-90ba-5de5847d3974"]
[debug] &amp#27;[35m[WD Proxy]&amp#27;[39m Matched '/element/ebe045ff-bc76-4a7c-9c05-3f0be28e06fe/attribute/displayed' to command name 'getAttribute'
[debug] &amp#27;[35m[WD Proxy]&amp#27;[39m Proxying [GET /element/ebe045ff-bc76-4a7c-9c05-3f0be28e06fe/attribute/displayed] to [GET http://127.0.0.1:10000/wd/hub/session/dd58c3e8-5f89-4d1c-984c-13f9737734d9/element/ebe045ff-bc76-4a7c-9c05-3f0be28e06fe/attribute/displayed] with no body
[debug] &amp#27;[35m[WD Proxy]&amp#27;[39m Got response with status 200: {"sessionId":"dd58c3e8-5f89-4d1c-984c-13f9737734d9","value":"true"}
[debug] &amp#27;[35m[W3C (939183a9)]&amp#27;[39m Responding to client with driver.elementDisplayed() result: true
&amp#27;[35m[HTTP]&amp#27;[39m &amp#27;[37m<-- GET /wd/hub/session/939183a9-a922-4fee-90ba-5de5847d3974/element/ebe045ff-bc76-4a7c-9c05-3f0be28e06fe/displayed &amp#27;[39m&amp#27;[32m200&amp#27;[39m &amp#27;[90m12 ms - 14&amp#27;[39m
&amp#27;[35m[HTTP]&amp#27;[39m &amp#27;[90m&amp#27;[39m
&amp#27;[35m[HTTP]&amp#27;[39m &amp#27;[37m-->&amp#27;[39m &amp#27;[37mGET&amp#27;[39m &amp#27;[37m/wd/hub/session/939183a9-a922-4fee-90ba-5de5847d3974/context&amp#27;[39m
&amp#27;[35m[HTTP]&amp#27;[39m &amp#27;[90m{}&amp#27;[39m
[debug] &amp#27;[35m[W3C (939183a9)]&amp#27;[39m Calling AppiumDriver.getCurrentContext() with args: ["939183a9-a922-4fee-90ba-5de5847d3974"]
[debug] &amp#27;[35m[W3C (939183a9)]&amp#27;[39m Responding to client with driver.getCurrentContext() result: "NATIVE_APP"
&amp#27;[35m[HTTP]&amp#27;[39m &amp#27;[37m<-- GET /wd/hub/session/939183a9-a922-4fee-90ba-5de5847d3974/context &amp#27;[39m&amp#27;[32m200&amp#27;[39m &amp#27;[90m2 ms - 22&amp#27;[39m
&amp#27;[35m[HTTP]&amp#27;[39m &amp#27;[90m&amp#27;[39m
&amp#27;[35m[HTTP]&amp#27;[39m &amp#27;[37m-->&amp#27;[39m &amp#27;[37mPOST&amp#27;[39m &amp#27;[37m/wd/hub/session/939183a9-a922-4fee-90ba-5de5847d3974/element&amp#27;[39m
&amp#27;[35m[HTTP]&amp#27;[39m &amp#27;[90m{"using":"accessibility id","value":"test-Password"}&amp#27;[39m
[debug] &amp#27;[35m[W3C (939183a9)]&amp#27;[39m Calling AppiumDriver.findElement() with args: ["accessibility id","test-Password","939183a9-a922-4fee-90ba-5de5847d3974"]
[debug] &amp#27;[35m[BaseDriver]&amp#27;[39m Valid locator strategies for this request: xpath, id, class name, accessibility id, -android uiautomator
[debug] &amp#27;[35m[BaseDriver]&amp#27;[39m Waiting up to 0 ms for condition
[debug] &amp#27;[35m[WD Proxy]&amp#27;[39m Matched '/element' to command name 'findElement'
[debug] &amp#27;[35m[WD Proxy]&amp#27;[39m Proxying [POST /element] to [POST http://127.0.0.1:10000/wd/hub/session/dd58c3e8-5f89-4d1c-984c-13f9737734d9/element] with body: {"strategy":"accessibility id","selector":"test-Password","context":"","multiple":false}
[debug] &amp#27;[35m[WD Proxy]&amp#27;[39m Got response with status 200: {"sessionId":"dd58c3e8-5f89-4d1c-984c-13f9737734d9","value":{"ELEMENT":"ae4e4873-c77f-4c46-bfe7-6ca8e0f3aa93","element-6066-11e4-a52e-4f735466cecf":"ae4e4873-c77f-4c46-bfe7-6ca8e0f3aa93"}}
[debug] &amp#27;[35m[W3C (939183a9)]&amp#27;[39m Responding to client with driver.findElement() result: {"element-6066-11e4-a52e-4f735466cecf":"ae4e4873-c77f-4c46-bfe7-6ca8e0f3aa93","ELEMENT":"ae4e4873-c77f-4c46-bfe7-6ca8e0f3aa93"}
&amp#27;[35m[HTTP]&amp#27;[39m &amp#27;[37m<-- POST /wd/hub/session/939183a9-a922-4fee-90ba-5de5847d3974/element &amp#27;[39m&amp#27;[32m200&amp#27;[39m &amp#27;[90m22 ms - 137&amp#27;[39m
&amp#27;[35m[HTTP]&amp#27;[39m &amp#27;[90m&amp#27;[39m
&amp#27;[35m[HTTP]&amp#27;[39m &amp#27;[37m-->&amp#27;[39m &amp#27;[37mGET&amp#27;[39m &amp#27;[37m/wd/hub/session/939183a9-a922-4fee-90ba-5de5847d3974/element/ae4e4873-c77f-4c46-bfe7-6ca8e0f3aa93/text&amp#27;[39m
&amp#27;[35m[HTTP]&amp#27;[39m &amp#27;[90m{}&amp#27;[39m
&amp#27;[35m[W3C (939183a9)]&amp#27;[39m Driver proxy active, passing request on via HTTP proxy
[debug] &amp#27;[35m[WD Proxy]&amp#27;[39m Matched '/wd/hub/session/939183a9-a922-4fee-90ba-5de5847d3974/element/ae4e4873-c77f-4c46-bfe7-6ca8e0f3aa93/text' to command name 'getText'
[debug] &amp#27;[35m[WD Proxy]&amp#27;[39m Proxying [GET /wd/hub/session/939183a9-a922-4fee-90ba-5de5847d3974/element/ae4e4873-c77f-4c46-bfe7-6ca8e0f3aa93/text] to [GET http://127.0.0.1:10000/wd/hub/session/dd58c3e8-5f89-4d1c-984c-13f9737734d9/element/ae4e4873-c77f-4c46-bfe7-6ca8e0f3aa93/text] with no body
[debug] &amp#27;[35m[WD Proxy]&amp#27;[39m Got response with status 200: {"sessionId":"dd58c3e8-5f89-4d1c-984c-13f9737734d9","value":"Password"}
&amp#27;[35m[WD Proxy]&amp#27;[39m Replacing sessionId dd58c3e8-5f89-4d1c-984c-13f9737734d9 with 939183a9-a922-4fee-90ba-5de5847d3974
&amp#27;[35m[HTTP]&amp#27;[39m &amp#27;[37m<-- GET /wd/hub/session/939183a9-a922-4fee-90ba-5de5847d3974/element/ae4e4873-c77f-4c46-bfe7-6ca8e0f3aa93/text &amp#27;[39m&amp#27;[32m200&amp#27;[39m &amp#27;[90m14 ms - 71&amp#27;[39m
&amp#27;[35m[HTTP]&amp#27;[39m &amp#27;[90m&amp#27;[39m
&amp#27;[35m[HTTP]&amp#27;[39m &amp#27;[37m-->&amp#27;[39m &amp#27;[37mGET&amp#27;[39m &amp#27;[37m/wd/hub/session/939183a9-a922-4fee-90ba-5de5847d3974/context&amp#27;[39m
&amp#27;[35m[HTTP]&amp#27;[39m &amp#27;[90m{}&amp#27;[39m
[debug] &amp#27;[35m[W3C (939183a9)]&amp#27;[39m Calling AppiumDriver.getCurrentContext() with args: ["939183a9-a922-4fee-90ba-5de5847d3974"]
[debug] &amp#27;[35m[W3C (939183a9)]&amp#27;[39m Responding to client with driver.getCurrentContext() result: "NATIVE_APP"
&amp#27;[35m[HTTP]&amp#27;[39m &amp#27;[37m<-- GET /wd/hub/session/939183a9-a922-4fee-90ba-5de5847d3974/context &amp#27;[39m&amp#27;[32m200&amp#27;[39m &amp#27;[90m1 ms - 22&amp#27;[39m
&amp#27;[35m[HTTP]&amp#27;[39m &amp#27;[90m&amp#27;[39m
&amp#27;[35m[HTTP]&amp#27;[39m &amp#27;[37m-->&amp#27;[39m &amp#27;[37mPOST&amp#27;[39m &amp#27;[37m/wd/hub/session/939183a9-a922-4fee-90ba-5de5847d3974/element&amp#27;[39m
&amp#27;[35m[HTTP]&amp#27;[39m &amp#27;[90m{"using":"accessibility id","value":"test-Password"}&amp#27;[39m
[debug] &amp#27;[35m[W3C (939183a9)]&amp#27;[39m Calling AppiumDriver.findElement() with args: ["accessibility id","test-Password","939183a9-a922-4fee-90ba-5de5847d3974"]
[debug] &amp#27;[35m[BaseDriver]&amp#27;[39m Valid locator strategies for this request: xpath, id, class name, accessibility id, -android uiautomator
[debug] &amp#27;[35m[BaseDriver]&amp#27;[39m Waiting up to 0 ms for condition
[debug] &amp#27;[35m[WD Proxy]&amp#27;[39m Matched '/element' to command name 'findElement'
[debug] &amp#27;[35m[WD Proxy]&amp#27;[39m Proxying [POST /element] to [POST http://127.0.0.1:10000/wd/hub/session/dd58c3e8-5f89-4d1c-984c-13f9737734d9/element] with body: {"strategy":"accessibility id","selector":"test-Password","context":"","multiple":false}
[debug] &amp#27;[35m[WD Proxy]&amp#27;[39m Got response with status 200: {"sessionId":"dd58c3e8-5f89-4d1c-984c-13f9737734d9","value":{"ELEMENT":"92cac91e-89d0-4b55-bb4f-8fc3de66b1e6","element-6066-11e4-a52e-4f735466cecf":"92cac91e-89d0-4b55-bb4f-8fc3de66b1e6"}}
[debug] &amp#27;[35m[W3C (939183a9)]&amp#27;[39m Responding to client with driver.findElement() result: {"element-6066-11e4-a52e-4f735466cecf":"92cac91e-89d0-4b55-bb4f-8fc3de66b1e6","ELEMENT":"92cac91e-89d0-4b55-bb4f-8fc3de66b1e6"}
&amp#27;[35m[HTTP]&amp#27;[39m &amp#27;[37m<-- POST /wd/hub/session/939183a9-a922-4fee-90ba-5de5847d3974/element &amp#27;[39m&amp#27;[32m200&amp#27;[39m &amp#27;[90m20 ms - 137&amp#27;[39m
&amp#27;[35m[HTTP]&amp#27;[39m &amp#27;[90m&amp#27;[39m
&amp#27;[35m[HTTP]&amp#27;[39m &amp#27;[37m-->&amp#27;[39m &amp#27;[37mPOST&amp#27;[39m &amp#27;[37m/wd/hub/session/939183a9-a922-4fee-90ba-5de5847d3974/element/92cac91e-89d0-4b55-bb4f-8fc3de66b1e6/value&amp#27;[39m
&amp#27;[35m[HTTP]&amp#27;[39m &amp#27;[90m{"id":"92cac91e-89d0-4b55-bb4f-8fc3de66b1e6","text":"invalidpassword","value":["i","n","v","a","l","i","d","p","a","s","s","w","o","r","d"]}&amp#27;[39m
[debug] &amp#27;[35m[W3C (939183a9)]&amp#27;[39m Calling AppiumDriver.setValue() with args: [["i","n","v","a","l","i","d","p","a","s","s","w","o","r","d"],"92cac91e-89d0-4b55-bb4f-8fc3de66b1e6","939183a9-a922-4fee-90ba-5de5847d3974"]
[debug] &amp#27;[35m[WD Proxy]&amp#27;[39m Matched '/element/92cac91e-89d0-4b55-bb4f-8fc3de66b1e6/value' to command name 'setValue'
[debug] &amp#27;[35m[Protocol Converter]&amp#27;[39m Added 'value' property ["i","n","v","a","l","i","d","p","a","s","s","w","o","r","d"] to 'setValue' request body
[debug] &amp#27;[35m[WD Proxy]&amp#27;[39m Proxying [POST /element/92cac91e-89d0-4b55-bb4f-8fc3de66b1e6/value] to [POST http://127.0.0.1:10000/wd/hub/session/dd58c3e8-5f89-4d1c-984c-13f9737734d9/element/92cac91e-89d0-4b55-bb4f-8fc3de66b1e6/value] with body: {"elementId":"92cac91e-89d0-4b55-bb4f-8fc3de66b1e6","text":"invalidpassword","replace":false,"value":["i","n","v","a","l","i","d","p","a","s","s","w","o","r","d"]}
[debug] &amp#27;[35m[WD Proxy]&amp#27;[39m Got response with status 200: {"sessionId":"dd58c3e8-5f89-4d1c-984c-13f9737734d9","value":null}
[debug] &amp#27;[35m[W3C (939183a9)]&amp#27;[39m Responding to client with driver.setValue() result: null
&amp#27;[35m[HTTP]&amp#27;[39m &amp#27;[37m<-- POST /wd/hub/session/939183a9-a922-4fee-90ba-5de5847d3974/element/92cac91e-89d0-4b55-bb4f-8fc3de66b1e6/value &amp#27;[39m&amp#27;[32m200&amp#27;[39m &amp#27;[90m532 ms - 14&amp#27;[39m
&amp#27;[35m[HTTP]&amp#27;[39m &amp#27;[90m&amp#27;[39m
&amp#27;[35m[HTTP]&amp#27;[39m &amp#27;[37m-->&amp#27;[39m &amp#27;[37mGET&amp#27;[39m &amp#27;[37m/wd/hub/session/939183a9-a922-4fee-90ba-5de5847d3974/context&amp#27;[39m
&amp#27;[35m[HTTP]&amp#27;[39m &amp#27;[90m{}&amp#27;[39m
[debug] &amp#27;[35m[W3C (939183a9)]&amp#27;[39m Calling AppiumDriver.getCurrentContext() with args: ["939183a9-a922-4fee-90ba-5de5847d3974"]
[debug] &amp#27;[35m[W3C (939183a9)]&amp#27;[39m Responding to client with driver.getCurrentContext() result: "NATIVE_APP"
&amp#27;[35m[HTTP]&amp#27;[39m &amp#27;[37m<-- GET /wd/hub/session/939183a9-a922-4fee-90ba-5de5847d3974/context &amp#27;[39m&amp#27;[32m200&amp#27;[39m &amp#27;[90m1 ms - 22&amp#27;[39m
&amp#27;[35m[HTTP]&amp#27;[39m &amp#27;[90m&amp#27;[39m
&amp#27;[35m[HTTP]&amp#27;[39m &amp#27;[37m-->&amp#27;[39m &amp#27;[37mPOST&amp#27;[39m &amp#27;[37m/wd/hub/session/939183a9-a922-4fee-90ba-5de5847d3974/element&amp#27;[39m
&amp#27;[35m[HTTP]&amp#27;[39m &amp#27;[90m{"using":"accessibility id","value":"test-Password"}&amp#27;[39m
[debug] &amp#27;[35m[W3C (939183a9)]&amp#27;[39m Calling AppiumDriver.findElement() with args: ["accessibility id","test-Password","939183a9-a922-4fee-90ba-5de5847d3974"]
[debug] &amp#27;[35m[BaseDriver]&amp#27;[39m Valid locator strategies for this request: xpath, id, class name, accessibility id, -android uiautomator
[debug] &amp#27;[35m[BaseDriver]&amp#27;[39m Waiting up to 0 ms for condition
[debug] &amp#27;[35m[WD Proxy]&amp#27;[39m Matched '/element' to command name 'findElement'
[debug] &amp#27;[35m[WD Proxy]&amp#27;[39m Proxying [POST /element] to [POST http://127.0.0.1:10000/wd/hub/session/dd58c3e8-5f89-4d1c-984c-13f9737734d9/element] with body: {"strategy":"accessibility id","selector":"test-Password","context":"","multiple":false}
[debug] &amp#27;[35m[WD Proxy]&amp#27;[39m Got response with status 200: {"sessionId":"dd58c3e8-5f89-4d1c-984c-13f9737734d9","value":{"ELEMENT":"a4002728-0fdc-42a4-8f55-c012eacccca9","element-6066-11e4-a52e-4f735466cecf":"a4002728-0fdc-42a4-8f55-c012eacccca9"}}
[debug] &amp#27;[35m[W3C (939183a9)]&amp#27;[39m Responding to client with driver.findElement() result: {"element-6066-11e4-a52e-4f735466cecf":"a4002728-0fdc-42a4-8f55-c012eacccca9","ELEMENT":"a4002728-0fdc-42a4-8f55-c012eacccca9"}
&amp#27;[35m[HTTP]&amp#27;[39m &amp#27;[37m<-- POST /wd/hub/session/939183a9-a922-4fee-90ba-5de5847d3974/element &amp#27;[39m&amp#27;[32m200&amp#27;[39m &amp#27;[90m504 ms - 137&amp#27;[39m
&amp#27;[35m[HTTP]&amp#27;[39m &amp#27;[90m&amp#27;[39m
&amp#27;[35m[HTTP]&amp#27;[39m &amp#27;[37m-->&amp#27;[39m &amp#27;[37mGET&amp#27;[39m &amp#27;[37m/wd/hub/session/939183a9-a922-4fee-90ba-5de5847d3974/element/a4002728-0fdc-42a4-8f55-c012eacccca9/text&amp#27;[39m
&amp#27;[35m[HTTP]&amp#27;[39m &amp#27;[90m{}&amp#27;[39m
&amp#27;[35m[W3C (939183a9)]&amp#27;[39m Driver proxy active, passing request on via HTTP proxy
[debug] &amp#27;[35m[WD Proxy]&amp#27;[39m Matched '/wd/hub/session/939183a9-a922-4fee-90ba-5de5847d3974/element/a4002728-0fdc-42a4-8f55-c012eacccca9/text' to command name 'getText'
[debug] &amp#27;[35m[WD Proxy]&amp#27;[39m Proxying [GET /wd/hub/session/939183a9-a922-4fee-90ba-5de5847d3974/element/a4002728-0fdc-42a4-8f55-c012eacccca9/text] to [GET http://127.0.0.1:10000/wd/hub/session/dd58c3e8-5f89-4d1c-984c-13f9737734d9/element/a4002728-0fdc-42a4-8f55-c012eacccca9/text] with no body
[debug] &amp#27;[35m[WD Proxy]&amp#27;[39m Got response with status 200: {"sessionId":"dd58c3e8-5f89-4d1c-984c-13f9737734d9","value":"���������������������������������������������"}
&amp#27;[35m[WD Proxy]&amp#27;[39m Replacing sessionId dd58c3e8-5f89-4d1c-984c-13f9737734d9 with 939183a9-a922-4fee-90ba-5de5847d3974
&amp#27;[35m[HTTP]&amp#27;[39m &amp#27;[37m<-- GET /wd/hub/session/939183a9-a922-4fee-90ba-5de5847d3974/element/a4002728-0fdc-42a4-8f55-c012eacccca9/text &amp#27;[39m&amp#27;[32m200&amp#27;[39m &amp#27;[90m15 ms - 108&amp#27;[39m
&amp#27;[35m[HTTP]&amp#27;[39m &amp#27;[90m&amp#27;[39m
&amp#27;[35m[HTTP]&amp#27;[39m &amp#27;[37m-->&amp#27;[39m &amp#27;[37mGET&amp#27;[39m &amp#27;[37m/wd/hub/session/939183a9-a922-4fee-90ba-5de5847d3974/context&amp#27;[39m
&amp#27;[35m[HTTP]&amp#27;[39m &amp#27;[90m{}&amp#27;[39m
[...]
&amp#27;[35m[HTTP]&amp#27;[39m &amp#27;[90m&amp#27;[39m
&amp#27;[35m[HTTP]&amp#27;[39m &amp#27;[37m-->&amp#27;[39m &amp#27;[37mGET&amp#27;[39m &amp#27;[37m/wd/hub/session/939183a9-a922-4fee-90ba-5de5847d3974/context&amp#27;[39m
&amp#27;[35m[HTTP]&amp#27;[39m &amp#27;[90m{}&amp#27;[39m
[debug] &amp#27;[35m[W3C (939183a9)]&amp#27;[39m Calling AppiumDriver.getCurrentContext() with args: ["939183a9-a922-4fee-90ba-5de5847d3974"]
[debug] &amp#27;[35m[W3C (939183a9)]&amp#27;[39m Responding to client with driver.getCurrentContext() result: "NATIVE_APP"
&amp#27;[35m[HTTP]&amp#27;[39m &amp#27;[37m<-- GET /wd/hub/session/939183a9-a922-4fee-90ba-5de5847d3974/context &amp#27;[39m&amp#27;[32m200&amp#27;[39m &amp#27;[90m3 ms - 22&amp#27;[39m
&amp#27;[35m[HTTP]&amp#27;[39m &amp#27;[90m&amp#27;[39m
&amp#27;[35m[HTTP]&amp#27;[39m &amp#27;[37m-->&amp#27;[39m &amp#27;[37mPOST&amp#27;[39m &amp#27;[37m/wd/hub/session/939183a9-a922-4fee-90ba-5de5847d3974/element&amp#27;[39m
&amp#27;[35m[HTTP]&amp#27;[39m &amp#27;[90m{"using":"accessibility id","value":"test-LOGIN"}&amp#27;[39m
[debug] &amp#27;[35m[W3C (939183a9)]&amp#27;[39m Calling AppiumDriver.findElement() with args: ["accessibility id","test-LOGIN","939183a9-a922-4fee-90ba-5de5847d3974"]
[debug] &amp#27;[35m[BaseDriver]&amp#27;[39m Valid locator strategies for this request: xpath, id, class name, accessibility id, -android uiautomator
[debug] &amp#27;[35m[BaseDriver]&amp#27;[39m Waiting up to 0 ms for condition
[debug] &amp#27;[35m[WD Proxy]&amp#27;[39m Matched '/element' to command name 'findElement'
[debug] &amp#27;[35m[WD Proxy]&amp#27;[39m Proxying [POST /element] to [POST http://127.0.0.1:10000/wd/hub/session/dd58c3e8-5f89-4d1c-984c-13f9737734d9/element] with body: {"strategy":"accessibility id","selector":"test-LOGIN","context":"","multiple":false}
[debug] &amp#27;[35m[WD Proxy]&amp#27;[39m Got response with status 200: {"sessionId":"dd58c3e8-5f89-4d1c-984c-13f9737734d9","value":{"ELEMENT":"507c170d-b776-4b2b-be0a-5db56dca3144","element-6066-11e4-a52e-4f735466cecf":"507c170d-b776-4b2b-be0a-5db56dca3144"}}
[debug] &amp#27;[35m[W3C (939183a9)]&amp#27;[39m Responding to client with driver.findElement() result: {"element-6066-11e4-a52e-4f735466cecf":"507c170d-b776-4b2b-be0a-5db56dca3144","ELEMENT":"507c170d-b776-4b2b-be0a-5db56dca3144"}
&amp#27;[35m[HTTP]&amp#27;[39m &amp#27;[37m<-- POST /wd/hub/session/939183a9-a922-4fee-90ba-5de5847d3974/element &amp#27;[39m&amp#27;[32m200&amp#27;[39m &amp#27;[90m17 ms - 137&amp#27;[39m
&amp#27;[35m[HTTP]&amp#27;[39m &amp#27;[90m&amp#27;[39m
&amp#27;[35m[HTTP]&amp#27;[39m &amp#27;[37m-->&amp#27;[39m &amp#27;[37mGET&amp#27;[39m &amp#27;[37m/wd/hub/session/939183a9-a922-4fee-90ba-5de5847d3974/element/507c170d-b776-4b2b-be0a-5db56dca3144/text&amp#27;[39m
&amp#27;[35m[HTTP]&amp#27;[39m &amp#27;[90m{}&amp#27;[39m
&amp#27;[35m[W3C (939183a9)]&amp#27;[39m Driver proxy active, passing request on via HTTP proxy
[debug] &amp#27;[35m[WD Proxy]&amp#27;[39m Matched '/wd/hub/session/939183a9-a922-4fee-90ba-5de5847d3974/element/507c170d-b776-4b2b-be0a-5db56dca3144/text' to command name 'getText'
[debug] &amp#27;[35m[WD Proxy]&amp#27;[39m Proxying [GET /wd/hub/session/939183a9-a922-4fee-90ba-5de5847d3974/element/507c170d-b776-4b2b-be0a-5db56dca3144/text] to [GET http://127.0.0.1:10000/wd/hub/session/dd58c3e8-5f89-4d1c-984c-13f9737734d9/element/507c170d-b776-4b2b-be0a-5db56dca3144/text] with no body
[debug] &amp#27;[35m[WD Proxy]&amp#27;[39m Got response with status 200: {"sessionId":"dd58c3e8-5f89-4d1c-984c-13f9737734d9","value":""}
&amp#27;[35m[WD Proxy]&amp#27;[39m Replacing sessionId dd58c3e8-5f89-4d1c-984c-13f9737734d9 with 939183a9-a922-4fee-90ba-5de5847d3974
&amp#27;[35m[HTTP]&amp#27;[39m &amp#27;[37m<-- GET /wd/hub/session/939183a9-a922-4fee-90ba-5de5847d3974/element/507c170d-b776-4b2b-be0a-5db56dca3144/text &amp#27;[39m&amp#27;[32m200&amp#27;[39m &amp#27;[90m10 ms - 63&amp#27;[39m
&amp#27;[35m[HTTP]&amp#27;[39m &amp#27;[90m&amp#27;[39m
&amp#27;[35m[HTTP]&amp#27;[39m &amp#27;[37m-->&amp#27;[39m &amp#27;[37mGET&amp#27;[39m &amp#27;[37m/wd/hub/session/939183a9-a922-4fee-90ba-5de5847d3974/context&amp#27;[39m
&amp#27;[35m[HTTP]&amp#27;[39m &amp#27;[90m{}&amp#27;[39m
[debug] &amp#27;[35m[W3C (939183a9)]&amp#27;[39m Calling AppiumDriver.getCurrentContext() with args: ["939183a9-a922-4fee-90ba-5de5847d3974"]
[debug] &amp#27;[35m[W3C (939183a9)]&amp#27;[39m Responding to client with driver.getCurrentContext() result: "NATIVE_APP"
&amp#27;[35m[HTTP]&amp#27;[39m &amp#27;[37m<-- GET /wd/hub/session/939183a9-a922-4fee-90ba-5de5847d3974/context &amp#27;[39m&amp#27;[32m200&amp#27;[39m &amp#27;[90m1 ms - 22&amp#27;[39m
&amp#27;[35m[HTTP]&amp#27;[39m &amp#27;[90m&amp#27;[39m
&amp#27;[35m[HTTP]&amp#27;[39m &amp#27;[37m-->&amp#27;[39m &amp#27;[37mPOST&amp#27;[39m &amp#27;[37m/wd/hub/session/939183a9-a922-4fee-90ba-5de5847d3974/element&amp#27;[39m
&amp#27;[35m[HTTP]&amp#27;[39m &amp#27;[90m{"using":"accessibility id","value":"test-LOGIN"}&amp#27;[39m
[debug] &amp#27;[35m[W3C (939183a9)]&amp#27;[39m Calling AppiumDriver.findElement() with args: ["accessibility id","test-LOGIN","939183a9-a922-4fee-90ba-5de5847d3974"]
[debug] &amp#27;[35m[BaseDriver]&amp#27;[39m Valid locator strategies for this request: xpath, id, class name, accessibility id, -android uiautomator
[debug] &amp#27;[35m[BaseDriver]&amp#27;[39m Waiting up to 0 ms for condition
[debug] &amp#27;[35m[WD Proxy]&amp#27;[39m Matched '/element' to command name 'findElement'
[debug] &amp#27;[35m[WD Proxy]&amp#27;[39m Proxying [POST /element] to [POST http://127.0.0.1:10000/wd/hub/session/dd58c3e8-5f89-4d1c-984c-13f9737734d9/element] with body: {"strategy":"accessibility id","selector":"test-LOGIN","context":"","multiple":false}
[debug] &amp#27;[35m[WD Proxy]&amp#27;[39m Got response with status 200: {"sessionId":"dd58c3e8-5f89-4d1c-984c-13f9737734d9","value":{"ELEMENT":"d5f1619e-ca22-4746-b38f-e7f11fd2de9b","element-6066-11e4-a52e-4f735466cecf":"d5f1619e-ca22-4746-b38f-e7f11fd2de9b"}}
[debug] &amp#27;[35m[W3C (939183a9)]&amp#27;[39m Responding to client with driver.findElement() result: {"element-6066-11e4-a52e-4f735466cecf":"d5f1619e-ca22-4746-b38f-e7f11fd2de9b","ELEMENT":"d5f1619e-ca22-4746-b38f-e7f11fd2de9b"}
&amp#27;[35m[HTTP]&amp#27;[39m &amp#27;[37m<-- POST /wd/hub/session/939183a9-a922-4fee-90ba-5de5847d3974/element &amp#27;[39m&amp#27;[32m200&amp#27;[39m &amp#27;[90m16 ms - 137&amp#27;[39m
&amp#27;[35m[HTTP]&amp#27;[39m &amp#27;[90m&amp#27;[39m
&amp#27;[35m[HTTP]&amp#27;[39m &amp#27;[37m-->&amp#27;[39m &amp#27;[37mPOST&amp#27;[39m &amp#27;[37m/wd/hub/session/939183a9-a922-4fee-90ba-5de5847d3974/element/d5f1619e-ca22-4746-b38f-e7f11fd2de9b/click&amp#27;[39m
&amp#27;[35m[HTTP]&amp#27;[39m &amp#27;[90m{"id":"d5f1619e-ca22-4746-b38f-e7f11fd2de9b"}&amp#27;[39m
[debug] &amp#27;[35m[W3C (939183a9)]&amp#27;[39m Calling AppiumDriver.click() with args: ["d5f1619e-ca22-4746-b38f-e7f11fd2de9b","939183a9-a922-4fee-90ba-5de5847d3974"]
[debug] &amp#27;[35m[WD Proxy]&amp#27;[39m Matched '/element/d5f1619e-ca22-4746-b38f-e7f11fd2de9b/click' to command name 'click'
[debug] &amp#27;[35m[WD Proxy]&amp#27;[39m Proxying [POST /element/d5f1619e-ca22-4746-b38f-e7f11fd2de9b/click] to [POST http://127.0.0.1:10000/wd/hub/session/dd58c3e8-5f89-4d1c-984c-13f9737734d9/element/d5f1619e-ca22-4746-b38f-e7f11fd2de9b/click] with body: {"element":"d5f1619e-ca22-4746-b38f-e7f11fd2de9b"}
[debug] &amp#27;[35m[WD Proxy]&amp#27;[39m Got response with status 200: {"sessionId":"dd58c3e8-5f89-4d1c-984c-13f9737734d9","value":null}
[debug] &amp#27;[35m[W3C (939183a9)]&amp#27;[39m Responding to client with driver.click() result: null
&amp#27;[35m[HTTP]&amp#27;[39m &amp#27;[37m<-- POST /wd/hub/session/939183a9-a922-4fee-90ba-5de5847d3974/element/d5f1619e-ca22-4746-b38f-e7f11fd2de9b/click &amp#27;[39m&amp#27;[32m200&amp#27;[39m &amp#27;[90m66 ms - 14&amp#27;[39m
&amp#27;[35m[HTTP]&amp#27;[39m &amp#27;[90m&amp#27;[39m
&amp#27;[35m[HTTP]&amp#27;[39m &amp#27;[37m-->&amp#27;[39m &amp#27;[37mGET&amp#27;[39m &amp#27;[37m/wd/hub/session/939183a9-a922-4fee-90ba-5de5847d3974/context&amp#27;[39m
&amp#27;[35m[HTTP]&amp#27;[39m &amp#27;[90m{}&amp#27;[39m
[debug] &amp#27;[35m[W3C (939183a9)]&amp#27;[39m Calling AppiumDriver.getCurrentContext() with args: ["939183a9-a922-4fee-90ba-5de5847d3974"]
[debug] &amp#27;[35m[W3C (939183a9)]&amp#27;[39m Responding to client with driver.getCurrentContext() result: "NATIVE_APP"
&amp#27;[35m[HTTP]&amp#27;[39m &amp#27;[37m<-- GET /wd/hub/session/939183a9-a922-4fee-90ba-5de5847d3974/context &amp#27;[39m&amp#27;[32m200&amp#27;[39m &amp#27;[90m1 ms - 22&amp#27;[39m
&amp#27;[35m[HTTP]&amp#27;[39m &amp#27;[90m&amp#27;[39m
&amp#27;[35m[HTTP]&amp#27;[39m &amp#27;[37m-->&amp#27;[39m &amp#27;[37mPOST&amp#27;[39m &amp#27;[37m/wd/hub/session/939183a9-a922-4fee-90ba-5de5847d3974/element&amp#27;[39m
&amp#27;[35m[HTTP]&amp#27;[39m &amp#27;[90m{"using":"accessibility id","value":"test-LOGIN"}&amp#27;[39m
[debug] &amp#27;[35m[W3C (939183a9)]&amp#27;[39m Calling AppiumDriver.findElement() with args: ["accessibility id","test-LOGIN","939183a9-a922-4fee-90ba-5de5847d3974"]
[debug] &amp#27;[35m[BaseDriver]&amp#27;[39m Valid locator strategies for this request: xpath, id, class name, accessibility id, -android uiautomator
[debug] &amp#27;[35m[BaseDriver]&amp#27;[39m Waiting up to 0 ms for condition
[debug] &amp#27;[35m[WD Proxy]&amp#27;[39m Matched '/element' to command name 'findElement'
[debug] &amp#27;[35m[WD Proxy]&amp#27;[39m Proxying [POST /element] to [POST http://127.0.0.1:10000/wd/hub/session/dd58c3e8-5f89-4d1c-984c-13f9737734d9/element] with body: {"strategy":"accessibility id","selector":"test-LOGIN","context":"","multiple":false}
[debug] &amp#27;[35m[WD Proxy]&amp#27;[39m Got response with status 200: {"sessionId":"dd58c3e8-5f89-4d1c-984c-13f9737734d9","value":{"ELEMENT":"18340851-9ba9-4f2d-b983-e838ce69760c","element-6066-11e4-a52e-4f735466cecf":"18340851-9ba9-4f2d-b983-e838ce69760c"}}
[debug] &amp#27;[35m[W3C (939183a9)]&amp#27;[39m Responding to client with driver.findElement() result: {"element-6066-11e4-a52e-4f735466cecf":"18340851-9ba9-4f2d-b983-e838ce69760c","ELEMENT":"18340851-9ba9-4f2d-b983-e838ce69760c"}
&amp#27;[35m[HTTP]&amp#27;[39m &amp#27;[37m<-- POST /wd/hub/session/939183a9-a922-4fee-90ba-5de5847d3974/element &amp#27;[39m&amp#27;[32m200&amp#27;[39m &amp#27;[90m20 ms - 137&amp#27;[39m
&amp#27;[35m[HTTP]&amp#27;[39m &amp#27;[90m&amp#27;[39m
&amp#27;[35m[HTTP]&amp#27;[39m &amp#27;[37m-->&amp#27;[39m &amp#27;[37mGET&amp#27;[39m &amp#27;[37m/wd/hub/session/939183a9-a922-4fee-90ba-5de5847d3974/element/18340851-9ba9-4f2d-b983-e838ce69760c/text&amp#27;[39m
&amp#27;[35m[HTTP]&amp#27;[39m &amp#27;[90m{}&amp#27;[39m
&amp#27;[35m[W3C (939183a9)]&amp#27;[39m Driver proxy active, passing request on via HTTP proxy
[debug] &amp#27;[35m[WD Proxy]&amp#27;[39m Matched '/wd/hub/session/939183a9-a922-4fee-90ba-5de5847d3974/element/18340851-9ba9-4f2d-b983-e838ce69760c/text' to command name 'getText'
[debug] &amp#27;[35m[WD Proxy]&amp#27;[39m Proxying [GET /wd/hub/session/939183a9-a922-4fee-90ba-5de5847d3974/element/18340851-9ba9-4f2d-b983-e838ce69760c/text] to [GET http://127.0.0.1:10000/wd/hub/session/dd58c3e8-5f89-4d1c-984c-13f9737734d9/element/18340851-9ba9-4f2d-b983-e838ce69760c/text] with no body
[debug] &amp#27;[35m[WD Proxy]&amp#27;[39m Got response with status 200: {"sessionId":"dd58c3e8-5f89-4d1c-984c-13f9737734d9","value":""}
&amp#27;[35m[WD Proxy]&amp#27;[39m Replacing sessionId dd58c3e8-5f89-4d1c-984c-13f9737734d9 with 939183a9-a922-4fee-90ba-5de5847d3974
&amp#27;[35m[HTTP]&amp#27;[39m &amp#27;[37m<-- GET /wd/hub/session/939183a9-a922-4fee-90ba-5de5847d3974/element/18340851-9ba9-4f2d-b983-e838ce69760c/text &amp#27;[39m&amp#27;[32m200&amp#27;[39m &amp#27;[90m13 ms - 63&amp#27;[39m
&amp#27;[35m[HTTP]&amp#27;[39m &amp#27;[90m&amp#27;[39m
&amp#27;[35m[HTTP]&amp#27;[39m &amp#27;[37m-->&amp#27;[39m &amp#27;[37mGET&amp#27;[39m &amp#27;[37m/wd/hub/session/939183a9-a922-4fee-90ba-5de5847d3974/context&amp#27;[39m
&amp#27;[35m[HTTP]&amp#27;[39m &amp#27;[90m{}&amp#27;[39m
[debug] &amp#27;[35m[W3C (939183a9)]&amp#27;[39m Calling AppiumDriver.getCurrentContext() with args: ["939183a9-a922-4fee-90ba-5de5847d3974"]
[debug] &amp#27;[35m[W3C (939183a9)]&amp#27;[39m Responding to client with driver.getCurrentContext() result: "NATIVE_APP"
&amp#27;[35m[HTTP]&amp#27;[39m &amp#27;[37m<-- GET /wd/hub/session/939183a9-a922-4fee-90ba-5de5847d3974/context &amp#27;[39m&amp#27;[32m200&amp#27;[39m &amp#27;[90m1 ms - 22&amp#27;[39m
&amp#27;[35m[HTTP]&amp#27;[39m &amp#27;[90m&amp#27;[39m
&amp#27;[35m[HTTP]&amp#27;[39m &amp#27;[37m-->&amp#27;[39m &amp#27;[37mPOST&amp#27;[39m &amp#27;[37m/wd/hub/session/939183a9-a922-4fee-90ba-5de5847d3974/element&amp#27;[39m
&amp#27;[35m[HTTP]&amp#27;[39m &amp#27;[90m{"using":"xpath","value":"//android.view.ViewGroup[@content-desc='test-Cart drop zone']/android.view.ViewGroup/android.widget.TextView"}&amp#27;[39m
[debug] &amp#27;[35m[W3C (939183a9)]&amp#27;[39m Calling AppiumDriver.findElement() with args: ["xpath","//android.view.ViewGroup[@content-desc='test-Cart drop zone']/android.view.ViewGroup/android.widget.TextView","939183a9-a922-4fee-90ba-5de5847d3974"]
[debug] &amp#27;[35m[BaseDriver]&amp#27;[39m Valid locator strategies for this request: xpath, id, class name, accessibility id, -android uiautomator
[debug] &amp#27;[35m[BaseDriver]&amp#27;[39m Waiting up to 0 ms for condition
[debug] &amp#27;[35m[WD Proxy]&amp#27;[39m Matched '/element' to command name 'findElement'
[debug] &amp#27;[35m[WD Proxy]&amp#27;[39m Proxying [POST /element] to [POST http://127.0.0.1:10000/wd/hub/session/dd58c3e8-5f89-4d1c-984c-13f9737734d9/element] with body: {"strategy":"xpath","selector":"//android.view.ViewGroup[@content-desc='test-Cart drop zone']/android.view.ViewGroup/android.widget.TextView","context":"","multiple":false}
&amp#27;[35m[WD Proxy]&amp#27;[39m Got response with status 404: {"sessionId":"dd58c3e8-5f89-4d1c-984c-13f9737734d9","value":{"error":"no such element","message":"An element could not be located on the page using the given search parameters","stacktrace":"io.appium.uiautomator2.common.exceptions.ElementNotFoundException: An element could not be located on the page using the given search parameters\n\tat io.appium.uiautomator2.handler.FindElement.findElement(FindElement.java:96)\n\tat io.appium.uiautomator2.handler.FindElement.safeHandle(FindElement.java:71)\n\tat io.appium.uiautomator2.handler.request.SafeRequestHandler.handle(SafeRequestHandler.java:41)\n\tat io.appium.uiautomator2.server.AppiumServlet.handleRequest(AppiumServlet.java:253)\n\tat io.appium.uiautomator2.server.AppiumServlet.handleHttpRequest(AppiumServlet.java:247)\n\tat io.appium.uiautomator2.http.ServerHandler.channelRead(ServerHandler.java:68)\n\tat io.netty.channel.AbstractChannelHandlerContext.invokeChannelRead(AbstractChannelHandlerContext.java:366)\n\tat io.netty.channel.AbstractChannelHandlerCont...
[debug] &amp#27;[35m[W3C]&amp#27;[39m Matched W3C error code 'no such element' to NoSuchElementError
[debug] &amp#27;[35m[W3C (939183a9)]&amp#27;[39m Encountered internal error running command: NoSuchElementError: An element could not be located on the page using the given search parameters.
[debug] &amp#27;[35m[W3C (939183a9)]&amp#27;[39m     at AndroidUiautomator2Driver.findElOrEls (/usr/local/lib/node_modules/appium/node_modules/appium-android-driver/lib/commands/find.js:75:11)
[debug] &amp#27;[35m[W3C (939183a9)]&amp#27;[39m     at runMicrotasks (<anonymous>)
[debug] &amp#27;[35m[W3C (939183a9)]&amp#27;[39m     at processTicksAndRejections (internal/process/task_queues.js:97:5)
[debug] &amp#27;[35m[W3C (939183a9)]&amp#27;[39m     at AndroidUiautomator2Driver.findElOrElsWithProcessing (/usr/local/lib/node_modules/appium/node_modules/appium-base-driver/lib/basedriver/commands/find.js:33:12)
[debug] &amp#27;[35m[W3C (939183a9)]&amp#27;[39m     at AndroidUiautomator2Driver.findElement (/usr/local/lib/node_modules/appium/node_modules/appium-base-driver/lib/basedriver/commands/find.js:53:10)
&amp#27;[35m[HTTP]&amp#27;[39m &amp#27;[37m<-- POST /wd/hub/session/939183a9-a922-4fee-90ba-5de5847d3974/element &amp#27;[39m&amp#27;[33m404&amp#27;[39m &amp#27;[90m93 ms - 816&amp#27;[39m
&amp#27;[35m[HTTP]&amp#27;[39m &amp#27;[90m&amp#27;[39m
&amp#27;[35m[HTTP]&amp#27;[39m &amp#27;[37m-->&amp#27;[39m &amp#27;[37mPOST&amp#27;[39m &amp#27;[37m/wd/hub/session/939183a9-a922-4fee-90ba-5de5847d3974/element&amp#27;[39m
&amp#27;[35m[HTTP]&amp#27;[39m &amp#27;[90m{"using":"xpath","value":"//android.view.ViewGroup[@content-desc='test-Cart drop zone']/android.view.ViewGroup/android.widget.TextView"}&amp#27;[39m
[debug] &amp#27;[35m[W3C (939183a9)]&amp#27;[39m Calling AppiumDriver.findElement() with args: ["xpath","//android.view.ViewGroup[@content-desc='test-Cart drop zone']/android.view.ViewGroup/android.widget.TextView","939183a9-a922-4fee-90ba-5de5847d3974"]
[debug] &amp#27;[35m[BaseDriver]&amp#27;[39m Valid locator strategies for this request: xpath, id, class name, accessibility id, -android uiautomator
[debug] &amp#27;[35m[BaseDriver]&amp#27;[39m Waiting up to 0 ms for condition
[debug] &amp#27;[35m[WD Proxy]&amp#27;[39m Matched '/element' to command name 'findElement'
[debug] &amp#27;[35m[WD Proxy]&amp#27;[39m Proxying [POST /element] to [POST http://127.0.0.1:10000/wd/hub/session/dd58c3e8-5f89-4d1c-984c-13f9737734d9/element] with body: {"strategy":"xpath","selector":"//android.view.ViewGroup[@content-desc='test-Cart drop zone']/android.view.ViewGroup/android.widget.TextView","context":"","multiple":false}
[debug] &amp#27;[35m[WD Proxy]&amp#27;[39m Got response with status 200: {"sessionId":"dd58c3e8-5f89-4d1c-984c-13f9737734d9","value":{"ELEMENT":"22578f5a-32e6-444a-aaca-67ab4b5a1e3b","element-6066-11e4-a52e-4f735466cecf":"22578f5a-32e6-444a-aaca-67ab4b5a1e3b"}}
[debug] &amp#27;[35m[W3C (939183a9)]&amp#27;[39m Responding to client with driver.findElement() result: {"element-6066-11e4-a52e-4f735466cecf":"22578f5a-32e6-444a-aaca-67ab4b5a1e3b","ELEMENT":"22578f5a-32e6-444a-aaca-67ab4b5a1e3b"}
&amp#27;[35m[HTTP]&amp#27;[39m &amp#27;[37m<-- POST /wd/hub/session/939183a9-a922-4fee-90ba-5de5847d3974/element &amp#27;[39m&amp#27;[32m200&amp#27;[39m &amp#27;[90m794 ms - 137&amp#27;[39m
&amp#27;[35m[HTTP]&amp#27;[39m &amp#27;[90m&amp#27;[39m
&amp#27;[35m[HTTP]&amp#27;[39m &amp#27;[37m-->&amp#27;[39m &amp#27;[37mGET&amp#27;[39m &amp#27;[37m/wd/hub/session/939183a9-a922-4fee-90ba-5de5847d3974/element/22578f5a-32e6-444a-aaca-67ab4b5a1e3b/displayed&amp#27;[39m
&amp#27;[35m[HTTP]&amp#27;[39m &amp#27;[90m{}&amp#27;[39m
[debug] &amp#27;[35m[W3C (939183a9)]&amp#27;[39m Calling AppiumDriver.elementDisplayed() with args: ["22578f5a-32e6-444a-aaca-67ab4b5a1e3b","939183a9-a922-4fee-90ba-5de5847d3974"]
[debug] &amp#27;[35m[WD Proxy]&amp#27;[39m Matched '/element/22578f5a-32e6-444a-aaca-67ab4b5a1e3b/attribute/displayed' to command name 'getAttribute'
[debug] &amp#27;[35m[WD Proxy]&amp#27;[39m Proxying [GET /element/22578f5a-32e6-444a-aaca-67ab4b5a1e3b/attribute/displayed] to [GET http://127.0.0.1:10000/wd/hub/session/dd58c3e8-5f89-4d1c-984c-13f9737734d9/element/22578f5a-32e6-444a-aaca-67ab4b5a1e3b/attribute/displayed] with no body
[debug] &amp#27;[35m[WD Proxy]&amp#27;[39m Got response with status 200: {"sessionId":"dd58c3e8-5f89-4d1c-984c-13f9737734d9","value":"true"}
[debug] &amp#27;[35m[W3C (939183a9)]&amp#27;[39m Responding to client with driver.elementDisplayed() result: true
&amp#27;[35m[HTTP]&amp#27;[39m &amp#27;[37m<-- GET /wd/hub/session/939183a9-a922-4fee-90ba-5de5847d3974/element/22578f5a-32e6-444a-aaca-67ab4b5a1e3b/displayed &amp#27;[39m&amp#27;[32m200&amp#27;[39m &amp#27;[90m12 ms - 14&amp#27;[39m
&amp#27;[35m[HTTP]&amp#27;[39m &amp#27;[90m&amp#27;[39m
Login successful
]]></system-out>
  </testcase>
</testsuite>