-------------------------------------------------------------------------------
Test set: TestSuite
-------------------------------------------------------------------------------
Tests run: 3, Failures: 1, Errors: 0, Skipped: 0, Time elapsed: 26.769 s <<< FAILURE! - in TestSuite
com.qa.tests.LoginTests.invalidPassword  Time elapsed: 6.355 s  <<< FAILURE!
java.lang.AssertionError: expected [Username and password do not match any user in this service.new] but found [Username and password do not match any user in this service.]
	at com.qa.tests.LoginTests.invalidPassword(LoginTests.java:116)

